============================================================
ENTRAÎNEMENT
  Backbone            : resnet18
  Setup               : 1-shot 20-way
  Queries par classe  : 7
  Épisodes/époque     : 400 (~100 par GPU)
  Époques max         : 1000
============================================================
Epoch   1/1000 | Train Loss: 2.3296 Acc: 0.2722 | Val Loss: 2.0920 Acc: 0.3434 | LR: 1.00e-03 | Time: 77.9s
  → Sauvegardé ! (Val Acc: 0.3434)
Epoch   2/1000 | Train Loss: 1.8760 Acc: 0.4031 | Val Loss: 1.8252 Acc: 0.4241 | LR: 1.00e-03 | Time: 76.6s
  → Sauvegardé ! (Val Acc: 0.4241)
Epoch   3/1000 | Train Loss: 1.7076 Acc: 0.4578 | Val Loss: 1.7086 Acc: 0.4594 | LR: 1.00e-03 | Time: 77.0s
  → Sauvegardé ! (Val Acc: 0.4594)
Epoch   4/1000 | Train Loss: 1.5957 Acc: 0.4919 | Val Loss: 1.6429 Acc: 0.4840 | LR: 1.00e-03 | Time: 77.5s
  → Sauvegardé ! (Val Acc: 0.4840)
Epoch   5/1000 | Train Loss: 1.5251 Acc: 0.5163 | Val Loss: 1.5879 Acc: 0.4994 | LR: 1.00e-03 | Time: 77.4s
  → Sauvegardé ! (Val Acc: 0.4994)
Epoch   6/1000 | Train Loss: 1.4629 Acc: 0.5369 | Val Loss: 1.4961 Acc: 0.5280 | LR: 1.00e-03 | Time: 77.7s
  → Sauvegardé ! (Val Acc: 0.5280)
Epoch   7/1000 | Train Loss: 1.3812 Acc: 0.5634 | Val Loss: 1.4435 Acc: 0.5450 | LR: 1.00e-03 | Time: 77.7s
  → Sauvegardé ! (Val Acc: 0.5450)
Epoch   8/1000 | Train Loss: 1.3321 Acc: 0.5825 | Val Loss: 1.4045 Acc: 0.5657 | LR: 1.00e-03 | Time: 77.5s
  → Sauvegardé ! (Val Acc: 0.5657)
Epoch   9/1000 | Train Loss: 1.2400 Acc: 0.6130 | Val Loss: 1.3245 Acc: 0.5899 | LR: 1.00e-03 | Time: 77.4s
  → Sauvegardé ! (Val Acc: 0.5899)
Epoch  10/1000 | Train Loss: 1.2136 Acc: 0.6237 | Val Loss: 1.2492 Acc: 0.6061 | LR: 1.00e-03 | Time: 77.6s
  → Sauvegardé ! (Val Acc: 0.6061)
Epoch  11/1000 | Train Loss: 1.1674 Acc: 0.6361 | Val Loss: 1.2666 Acc: 0.6064 | LR: 1.00e-03 | Time: 77.5s
  → Sauvegardé ! (Val Acc: 0.6064)
Epoch  12/1000 | Train Loss: 1.1586 Acc: 0.6442 | Val Loss: 1.2487 Acc: 0.6127 | LR: 1.00e-03 | Time: 77.6s
  → Sauvegardé ! (Val Acc: 0.6127)
Epoch  13/1000 | Train Loss: 1.1256 Acc: 0.6526 | Val Loss: 1.2054 Acc: 0.6289 | LR: 1.00e-03 | Time: 77.5s
  → Sauvegardé ! (Val Acc: 0.6289)
Epoch  14/1000 | Train Loss: 1.1023 Acc: 0.6561 | Val Loss: 1.1679 Acc: 0.6413 | LR: 1.00e-03 | Time: 77.7s
  → Sauvegardé ! (Val Acc: 0.6413)
Epoch  15/1000 | Train Loss: 1.0389 Acc: 0.6782 | Val Loss: 1.1746 Acc: 0.6374 | LR: 1.00e-03 | Time: 77.6s
Epoch  16/1000 | Train Loss: 1.0693 Acc: 0.6673 | Val Loss: 1.1124 Acc: 0.6599 | LR: 1.00e-03 | Time: 77.7s
  → Sauvegardé ! (Val Acc: 0.6599)
Epoch  17/1000 | Train Loss: 1.0172 Acc: 0.6843 | Val Loss: 1.1489 Acc: 0.6497 | LR: 1.00e-03 | Time: 77.7s
Epoch  18/1000 | Train Loss: 1.0343 Acc: 0.6835 | Val Loss: 1.1140 Acc: 0.6594 | LR: 1.00e-03 | Time: 77.7s
Epoch  19/1000 | Train Loss: 0.9933 Acc: 0.6949 | Val Loss: 1.1190 Acc: 0.6602 | LR: 1.00e-03 | Time: 77.6s
  → Sauvegardé ! (Val Acc: 0.6602)
Epoch  20/1000 | Train Loss: 0.9968 Acc: 0.6942 | Val Loss: 1.0995 Acc: 0.6586 | LR: 1.00e-03 | Time: 77.6s
Epoch  21/1000 | Train Loss: 0.9633 Acc: 0.7050 | Val Loss: 1.0754 Acc: 0.6721 | LR: 1.00e-03 | Time: 77.7s
  → Sauvegardé ! (Val Acc: 0.6721)
Epoch  22/1000 | Train Loss: 0.9769 Acc: 0.7010 | Val Loss: 1.0684 Acc: 0.6727 | LR: 1.00e-03 | Time: 77.5s
  → Sauvegardé ! (Val Acc: 0.6727)
Epoch  23/1000 | Train Loss: 0.9444 Acc: 0.7098 | Val Loss: 1.0941 Acc: 0.6667 | LR: 1.00e-03 | Time: 77.7s
Epoch  24/1000 | Train Loss: 0.9457 Acc: 0.7095 | Val Loss: 1.0545 Acc: 0.6819 | LR: 1.00e-03 | Time: 77.6s
  → Sauvegardé ! (Val Acc: 0.6819)
Epoch  25/1000 | Train Loss: 0.8912 Acc: 0.7244 | Val Loss: 1.0398 Acc: 0.6833 | LR: 1.00e-03 | Time: 77.7s
  → Sauvegardé ! (Val Acc: 0.6833)
Epoch  26/1000 | Train Loss: 0.9037 Acc: 0.7254 | Val Loss: 1.0130 Acc: 0.6956 | LR: 1.00e-03 | Time: 77.6s
  → Sauvegardé ! (Val Acc: 0.6956)
Epoch  27/1000 | Train Loss: 0.8966 Acc: 0.7275 | Val Loss: 1.0139 Acc: 0.6918 | LR: 1.00e-03 | Time: 77.6s
Epoch  28/1000 | Train Loss: 0.8864 Acc: 0.7303 | Val Loss: 1.0052 Acc: 0.6934 | LR: 1.00e-03 | Time: 77.6s
Epoch  29/1000 | Train Loss: 0.8749 Acc: 0.7334 | Val Loss: 1.0327 Acc: 0.6908 | LR: 1.00e-03 | Time: 77.7s
Epoch  30/1000 | Train Loss: 0.8657 Acc: 0.7373 | Val Loss: 1.0450 Acc: 0.6857 | LR: 1.00e-03 | Time: 77.7s
Epoch  31/1000 | Train Loss: 0.8510 Acc: 0.7423 | Val Loss: 0.9876 Acc: 0.7026 | LR: 1.00e-03 | Time: 77.7s
  → Sauvegardé ! (Val Acc: 0.7026)
Epoch  32/1000 | Train Loss: 0.8429 Acc: 0.7434 | Val Loss: 1.0015 Acc: 0.6979 | LR: 1.00e-03 | Time: 77.6s
Epoch  33/1000 | Train Loss: 0.8195 Acc: 0.7500 | Val Loss: 0.9923 Acc: 0.7025 | LR: 1.00e-03 | Time: 77.5s
Epoch  34/1000 | Train Loss: 0.8191 Acc: 0.7512 | Val Loss: 0.9553 Acc: 0.7169 | LR: 1.00e-03 | Time: 77.6s
  → Sauvegardé ! (Val Acc: 0.7169)
Epoch  35/1000 | Train Loss: 0.7900 Acc: 0.7596 | Val Loss: 0.9751 Acc: 0.7093 | LR: 1.00e-03 | Time: 77.6s
Epoch  36/1000 | Train Loss: 0.8001 Acc: 0.7592 | Val Loss: 0.9654 Acc: 0.7105 | LR: 1.00e-03 | Time: 77.6s
Epoch  37/1000 | Train Loss: 0.8054 Acc: 0.7556 | Val Loss: 0.9591 Acc: 0.7152 | LR: 1.00e-03 | Time: 77.6s
Epoch  38/1000 | Train Loss: 0.7706 Acc: 0.7677 | Val Loss: 0.9645 Acc: 0.7129 | LR: 1.00e-03 | Time: 77.7s
Epoch  39/1000 | Train Loss: 0.7783 Acc: 0.7629 | Val Loss: 0.9393 Acc: 0.7195 | LR: 1.00e-03 | Time: 77.7s
  → Sauvegardé ! (Val Acc: 0.7195)
Epoch  40/1000 | Train Loss: 0.7683 Acc: 0.7697 | Val Loss: 0.9288 Acc: 0.7215 | LR: 1.00e-03 | Time: 77.6s
  → Sauvegardé ! (Val Acc: 0.7215)
Epoch  41/1000 | Train Loss: 0.7686 Acc: 0.7684 | Val Loss: 0.9294 Acc: 0.7252 | LR: 1.00e-03 | Time: 77.5s
  → Sauvegardé ! (Val Acc: 0.7252)
Epoch  42/1000 | Train Loss: 0.7404 Acc: 0.7776 | Val Loss: 0.9129 Acc: 0.7306 | LR: 1.00e-03 | Time: 77.6s
  → Sauvegardé ! (Val Acc: 0.7306)
Epoch  43/1000 | Train Loss: 0.7460 Acc: 0.7746 | Val Loss: 0.9240 Acc: 0.7269 | LR: 1.00e-03 | Time: 77.6s
Epoch  44/1000 | Train Loss: 0.7431 Acc: 0.7751 | Val Loss: 0.9291 Acc: 0.7248 | LR: 1.00e-03 | Time: 77.7s
Epoch  45/1000 | Train Loss: 0.7271 Acc: 0.7776 | Val Loss: 0.9264 Acc: 0.7270 | LR: 1.00e-03 | Time: 77.7s
Epoch  46/1000 | Train Loss: 0.7137 Acc: 0.7833 | Val Loss: 0.9277 Acc: 0.7255 | LR: 1.00e-03 | Time: 77.8s
Epoch  47/1000 | Train Loss: 0.7102 Acc: 0.7840 | Val Loss: 0.9316 Acc: 0.7267 | LR: 1.00e-03 | Time: 77.6s
Epoch  48/1000 | Train Loss: 0.7313 Acc: 0.7817 | Val Loss: 0.9291 Acc: 0.7256 | LR: 1.00e-03 | Time: 77.6s
Epoch  49/1000 | Train Loss: 0.7019 Acc: 0.7887 | Val Loss: 0.9078 Acc: 0.7308 | LR: 1.00e-03 | Time: 77.7s
  → Sauvegardé ! (Val Acc: 0.7308)
Epoch  50/1000 | Train Loss: 0.6987 Acc: 0.7885 | Val Loss: 0.8838 Acc: 0.7400 | LR: 1.00e-03 | Time: 77.6s
  → Sauvegardé ! (Val Acc: 0.7400)
Epoch  51/1000 | Train Loss: 0.7191 Acc: 0.7839 | Val Loss: 0.9123 Acc: 0.7318 | LR: 1.00e-03 | Time: 77.6s
Epoch  52/1000 | Train Loss: 0.6901 Acc: 0.7903 | Val Loss: 0.9025 Acc: 0.7374 | LR: 1.00e-03 | Time: 77.8s
Epoch  53/1000 | Train Loss: 0.6920 Acc: 0.7922 | Val Loss: 0.8875 Acc: 0.7378 | LR: 1.00e-03 | Time: 77.6s
Epoch  54/1000 | Train Loss: 0.6679 Acc: 0.7984 | Val Loss: 0.8996 Acc: 0.7356 | LR: 1.00e-03 | Time: 77.7s
Epoch  55/1000 | Train Loss: 0.6689 Acc: 0.7974 | Val Loss: 0.8885 Acc: 0.7397 | LR: 1.00e-03 | Time: 77.7s
Epoch  56/1000 | Train Loss: 0.6680 Acc: 0.7976 | Val Loss: 0.8854 Acc: 0.7395 | LR: 1.00e-03 | Time: 77.7s
Epoch  57/1000 | Train Loss: 0.6753 Acc: 0.7970 | Val Loss: 0.8733 Acc: 0.7412 | LR: 1.00e-03 | Time: 77.6s
  → Sauvegardé ! (Val Acc: 0.7412)
Epoch  58/1000 | Train Loss: 0.6728 Acc: 0.7995 | Val Loss: 0.9072 Acc: 0.7325 | LR: 1.00e-03 | Time: 77.6s
Epoch  59/1000 | Train Loss: 0.6621 Acc: 0.8011 | Val Loss: 0.9009 Acc: 0.7318 | LR: 1.00e-03 | Time: 77.6s
Epoch  60/1000 | Train Loss: 0.6573 Acc: 0.8033 | Val Loss: 0.8802 Acc: 0.7427 | LR: 1.00e-03 | Time: 77.6s
  → Sauvegardé ! (Val Acc: 0.7427)
Epoch  61/1000 | Train Loss: 0.6490 Acc: 0.8042 | Val Loss: 0.9235 Acc: 0.7296 | LR: 1.00e-03 | Time: 77.7s
Epoch  62/1000 | Train Loss: 0.6572 Acc: 0.8019 | Val Loss: 0.8569 Acc: 0.7478 | LR: 1.00e-03 | Time: 77.6s
  → Sauvegardé ! (Val Acc: 0.7478)
Epoch  63/1000 | Train Loss: 0.6423 Acc: 0.8062 | Val Loss: 0.8931 Acc: 0.7371 | LR: 1.00e-03 | Time: 77.6s
Epoch  64/1000 | Train Loss: 0.6380 Acc: 0.8094 | Val Loss: 0.8771 Acc: 0.7447 | LR: 1.00e-03 | Time: 77.6s
Epoch  65/1000 | Train Loss: 0.6230 Acc: 0.8135 | Val Loss: 0.9083 Acc: 0.7368 | LR: 1.00e-03 | Time: 77.6s
Epoch  66/1000 | Train Loss: 0.6284 Acc: 0.8119 | Val Loss: 0.8663 Acc: 0.7452 | LR: 1.00e-03 | Time: 77.6s
Epoch  67/1000 | Train Loss: 0.6124 Acc: 0.8164 | Val Loss: 0.8625 Acc: 0.7463 | LR: 1.00e-03 | Time: 77.6s
Epoch  68/1000 | Train Loss: 0.6045 Acc: 0.8191 | Val Loss: 0.8733 Acc: 0.7464 | LR: 1.00e-03 | Time: 77.7s
Epoch  69/1000 | Train Loss: 0.6084 Acc: 0.8170 | Val Loss: 0.8728 Acc: 0.7433 | LR: 1.00e-03 | Time: 77.7s
Epoch  70/1000 | Train Loss: 0.6085 Acc: 0.8181 | Val Loss: 0.9029 Acc: 0.7331 | LR: 1.00e-03 | Time: 77.7s
Epoch  71/1000 | Train Loss: 0.6019 Acc: 0.8200 | Val Loss: 0.8679 Acc: 0.7486 | LR: 1.00e-03 | Time: 77.6s
  → Sauvegardé ! (Val Acc: 0.7486)
Epoch  72/1000 | Train Loss: 0.5975 Acc: 0.8210 | Val Loss: 0.8771 Acc: 0.7434 | LR: 1.00e-03 | Time: 77.5s
Epoch  73/1000 | Train Loss: 0.6108 Acc: 0.8170 | Val Loss: 0.8884 Acc: 0.7413 | LR: 1.00e-03 | Time: 77.5s
Epoch  74/1000 | Train Loss: 0.5932 Acc: 0.8220 | Val Loss: 0.8665 Acc: 0.7502 | LR: 1.00e-03 | Time: 77.6s
  → Sauvegardé ! (Val Acc: 0.7502)
Epoch  75/1000 | Train Loss: 0.5791 Acc: 0.8269 | Val Loss: 0.8956 Acc: 0.7410 | LR: 1.00e-03 | Time: 77.6s
Epoch  76/1000 | Train Loss: 0.5862 Acc: 0.8241 | Val Loss: 0.8600 Acc: 0.7481 | LR: 1.00e-03 | Time: 77.7s
Epoch  77/1000 | Train Loss: 0.5778 Acc: 0.8243 | Val Loss: 0.8844 Acc: 0.7432 | LR: 1.00e-03 | Time: 77.6s
Epoch  78/1000 | Train Loss: 0.5835 Acc: 0.8261 | Val Loss: 0.8743 Acc: 0.7429 | LR: 1.00e-03 | Time: 77.6s
Epoch  79/1000 | Train Loss: 0.5958 Acc: 0.8203 | Val Loss: 0.8596 Acc: 0.7470 | LR: 1.00e-03 | Time: 77.7s
Epoch  80/1000 | Train Loss: 0.5808 Acc: 0.8258 | Val Loss: 0.9148 Acc: 0.7359 | LR: 1.00e-03 | Time: 77.6s
Epoch  81/1000 | Train Loss: 0.5776 Acc: 0.8260 | Val Loss: 0.8518 Acc: 0.7514 | LR: 1.00e-03 | Time: 77.7s
  → Sauvegardé ! (Val Acc: 0.7514)
Epoch  82/1000 | Train Loss: 0.5588 Acc: 0.8309 | Val Loss: 0.8638 Acc: 0.7503 | LR: 1.00e-03 | Time: 77.5s
Epoch  83/1000 | Train Loss: 0.5603 Acc: 0.8306 | Val Loss: 0.8667 Acc: 0.7490 | LR: 1.00e-03 | Time: 77.5s
Epoch  84/1000 | Train Loss: 0.5527 Acc: 0.8312 | Val Loss: 0.8658 Acc: 0.7457 | LR: 1.00e-03 | Time: 77.7s
Epoch  85/1000 | Train Loss: 0.5433 Acc: 0.8352 | Val Loss: 0.8882 Acc: 0.7435 | LR: 1.00e-03 | Time: 77.7s
Epoch  86/1000 | Train Loss: 0.5432 Acc: 0.8346 | Val Loss: 0.8609 Acc: 0.7537 | LR: 1.00e-03 | Time: 77.4s
  → Sauvegardé ! (Val Acc: 0.7537)
Epoch  87/1000 | Train Loss: 0.5379 Acc: 0.8364 | Val Loss: 0.8854 Acc: 0.7434 | LR: 1.00e-03 | Time: 77.8s
Epoch  88/1000 | Train Loss: 0.5415 Acc: 0.8366 | Val Loss: 0.8656 Acc: 0.7496 | LR: 1.00e-03 | Time: 77.6s
Epoch  89/1000 | Train Loss: 0.5378 Acc: 0.8398 | Val Loss: 0.8624 Acc: 0.7546 | LR: 1.00e-03 | Time: 77.7s
  → Sauvegardé ! (Val Acc: 0.7546)
Epoch  90/1000 | Train Loss: 0.5334 Acc: 0.8361 | Val Loss: 0.8621 Acc: 0.7494 | LR: 1.00e-03 | Time: 77.5s
Epoch  91/1000 | Train Loss: 0.5179 Acc: 0.8428 | Val Loss: 0.8645 Acc: 0.7474 | LR: 1.00e-03 | Time: 77.6s
Epoch  92/1000 | Train Loss: 0.5498 Acc: 0.8355 | Val Loss: 0.8691 Acc: 0.7495 | LR: 1.00e-03 | Time: 77.6s
Epoch  93/1000 | Train Loss: 0.5096 Acc: 0.8445 | Val Loss: 0.8844 Acc: 0.7467 | LR: 1.00e-03 | Time: 77.5s
Epoch  94/1000 | Train Loss: 0.5041 Acc: 0.8484 | Val Loss: 0.8779 Acc: 0.7517 | LR: 1.00e-03 | Time: 77.4s
Epoch  95/1000 | Train Loss: 0.5212 Acc: 0.8411 | Val Loss: 0.8671 Acc: 0.7499 | LR: 1.00e-03 | Time: 77.8s
Epoch  96/1000 | Train Loss: 0.5329 Acc: 0.8414 | Val Loss: 0.8892 Acc: 0.7425 | LR: 1.00e-03 | Time: 77.6s
Epoch  97/1000 | Train Loss: 0.5147 Acc: 0.8434 | Val Loss: 0.8644 Acc: 0.7509 | LR: 1.00e-03 | Time: 77.6s
Epoch  98/1000 | Train Loss: 0.5182 Acc: 0.8460 | Val Loss: 0.8788 Acc: 0.7496 | LR: 1.00e-03 | Time: 77.6s
Epoch  99/1000 | Train Loss: 0.4853 Acc: 0.8530 | Val Loss: 0.8716 Acc: 0.7537 | LR: 1.00e-03 | Time: 77.5s
Epoch 100/1000 | Train Loss: 0.5045 Acc: 0.8479 | Val Loss: 0.8768 Acc: 0.7454 | LR: 5.00e-04 | Time: 77.6s
Epoch 101/1000 | Train Loss: 0.4531 Acc: 0.8619 | Val Loss: 0.8091 Acc: 0.7715 | LR: 5.00e-04 | Time: 77.5s
  → Sauvegardé ! (Val Acc: 0.7715)
Epoch 102/1000 | Train Loss: 0.4207 Acc: 0.8718 | Val Loss: 0.8192 Acc: 0.7686 | LR: 5.00e-04 | Time: 77.6s
Epoch 103/1000 | Train Loss: 0.4143 Acc: 0.8743 | Val Loss: 0.8118 Acc: 0.7678 | LR: 5.00e-04 | Time: 77.5s
Epoch 104/1000 | Train Loss: 0.4156 Acc: 0.8752 | Val Loss: 0.8033 Acc: 0.7729 | LR: 5.00e-04 | Time: 77.4s
  → Sauvegardé ! (Val Acc: 0.7729)
Epoch 105/1000 | Train Loss: 0.4010 Acc: 0.8781 | Val Loss: 0.8433 Acc: 0.7663 | LR: 5.00e-04 | Time: 77.4s
Epoch 106/1000 | Train Loss: 0.3970 Acc: 0.8790 | Val Loss: 0.8176 Acc: 0.7693 | LR: 5.00e-04 | Time: 77.6s
Epoch 107/1000 | Train Loss: 0.3984 Acc: 0.8788 | Val Loss: 0.8166 Acc: 0.7704 | LR: 5.00e-04 | Time: 77.7s
Epoch 108/1000 | Train Loss: 0.3806 Acc: 0.8865 | Val Loss: 0.8402 Acc: 0.7651 | LR: 5.00e-04 | Time: 77.6s
Epoch 109/1000 | Train Loss: 0.3674 Acc: 0.8888 | Val Loss: 0.8267 Acc: 0.7714 | LR: 5.00e-04 | Time: 77.7s
Epoch 110/1000 | Train Loss: 0.3643 Acc: 0.8892 | Val Loss: 0.8129 Acc: 0.7749 | LR: 5.00e-04 | Time: 77.5s
  → Sauvegardé ! (Val Acc: 0.7749)
Epoch 111/1000 | Train Loss: 0.3668 Acc: 0.8875 | Val Loss: 0.8185 Acc: 0.7738 | LR: 5.00e-04 | Time: 77.4s
Epoch 112/1000 | Train Loss: 0.3636 Acc: 0.8895 | Val Loss: 0.8038 Acc: 0.7781 | LR: 5.00e-04 | Time: 77.5s
  → Sauvegardé ! (Val Acc: 0.7781)
Epoch 113/1000 | Train Loss: 0.3693 Acc: 0.8870 | Val Loss: 0.8400 Acc: 0.7699 | LR: 5.00e-04 | Time: 77.5s
Epoch 114/1000 | Train Loss: 0.3613 Acc: 0.8911 | Val Loss: 0.8383 Acc: 0.7719 | LR: 5.00e-04 | Time: 77.5s
Epoch 115/1000 | Train Loss: 0.3586 Acc: 0.8908 | Val Loss: 0.8190 Acc: 0.7751 | LR: 5.00e-04 | Time: 77.6s
Epoch 116/1000 | Train Loss: 0.3633 Acc: 0.8896 | Val Loss: 0.8486 Acc: 0.7648 | LR: 5.00e-04 | Time: 77.6s
Epoch 117/1000 | Train Loss: 0.3576 Acc: 0.8914 | Val Loss: 0.8451 Acc: 0.7641 | LR: 5.00e-04 | Time: 77.6s
Epoch 118/1000 | Train Loss: 0.3335 Acc: 0.8984 | Val Loss: 0.8313 Acc: 0.7716 | LR: 5.00e-04 | Time: 77.6s
Epoch 119/1000 | Train Loss: 0.3559 Acc: 0.8896 | Val Loss: 0.8323 Acc: 0.7712 | LR: 5.00e-04 | Time: 77.5s
Epoch 120/1000 | Train Loss: 0.3384 Acc: 0.8974 | Val Loss: 0.8550 Acc: 0.7670 | LR: 5.00e-04 | Time: 77.6s
Epoch 121/1000 | Train Loss: 0.3375 Acc: 0.8966 | Val Loss: 0.8529 Acc: 0.7662 | LR: 5.00e-04 | Time: 77.5s
Epoch 122/1000 | Train Loss: 0.3460 Acc: 0.8951 | Val Loss: 0.8256 Acc: 0.7750 | LR: 5.00e-04 | Time: 77.5s
Epoch 123/1000 | Train Loss: 0.3275 Acc: 0.8992 | Val Loss: 0.8556 Acc: 0.7673 | LR: 2.50e-04 | Time: 77.6s
Epoch 124/1000 | Train Loss: 0.3115 Acc: 0.9044 | Val Loss: 0.8101 Acc: 0.7807 | LR: 2.50e-04 | Time: 77.7s
  → Sauvegardé ! (Val Acc: 0.7807)
Epoch 125/1000 | Train Loss: 0.3110 Acc: 0.9057 | Val Loss: 0.8157 Acc: 0.7771 | LR: 2.50e-04 | Time: 77.6s
Epoch 126/1000 | Train Loss: 0.2792 Acc: 0.9141 | Val Loss: 0.8417 Acc: 0.7752 | LR: 2.50e-04 | Time: 77.6s
Epoch 127/1000 | Train Loss: 0.2749 Acc: 0.9165 | Val Loss: 0.8123 Acc: 0.7799 | LR: 2.50e-04 | Time: 77.7s
Epoch 128/1000 | Train Loss: 0.2932 Acc: 0.9124 | Val Loss: 0.8265 Acc: 0.7753 | LR: 2.50e-04 | Time: 77.4s
Epoch 129/1000 | Train Loss: 0.2804 Acc: 0.9154 | Val Loss: 0.8405 Acc: 0.7736 | LR: 2.50e-04 | Time: 77.6s
Epoch 130/1000 | Train Loss: 0.2749 Acc: 0.9157 | Val Loss: 0.8106 Acc: 0.7793 | LR: 2.50e-04 | Time: 77.4s
Epoch 131/1000 | Train Loss: 0.2640 Acc: 0.9186 | Val Loss: 0.8351 Acc: 0.7776 | LR: 2.50e-04 | Time: 77.5s
Epoch 132/1000 | Train Loss: 0.2590 Acc: 0.9200 | Val Loss: 0.8201 Acc: 0.7785 | LR: 2.50e-04 | Time: 77.5s
Epoch 133/1000 | Train Loss: 0.2650 Acc: 0.9184 | Val Loss: 0.8151 Acc: 0.7827 | LR: 2.50e-04 | Time: 77.6s
  → Sauvegardé ! (Val Acc: 0.7827)
Epoch 134/1000 | Train Loss: 0.2576 Acc: 0.9198 | Val Loss: 0.8305 Acc: 0.7804 | LR: 2.50e-04 | Time: 77.5s
Epoch 135/1000 | Train Loss: 0.2612 Acc: 0.9200 | Val Loss: 0.8191 Acc: 0.7809 | LR: 2.50e-04 | Time: 77.7s
Epoch 136/1000 | Train Loss: 0.2666 Acc: 0.9188 | Val Loss: 0.8284 Acc: 0.7762 | LR: 2.50e-04 | Time: 77.6s
Epoch 137/1000 | Train Loss: 0.2579 Acc: 0.9224 | Val Loss: 0.8385 Acc: 0.7763 | LR: 2.50e-04 | Time: 77.5s
Epoch 138/1000 | Train Loss: 0.2554 Acc: 0.9216 | Val Loss: 0.8472 Acc: 0.7737 | LR: 2.50e-04 | Time: 77.6s
Epoch 139/1000 | Train Loss: 0.2504 Acc: 0.9243 | Val Loss: 0.8390 Acc: 0.7744 | LR: 2.50e-04 | Time: 77.6s
Epoch 140/1000 | Train Loss: 0.2398 Acc: 0.9257 | Val Loss: 0.8381 Acc: 0.7790 | LR: 2.50e-04 | Time: 77.5s
Epoch 141/1000 | Train Loss: 0.2487 Acc: 0.9232 | Val Loss: 0.8208 Acc: 0.7790 | LR: 2.50e-04 | Time: 77.7s
Epoch 142/1000 | Train Loss: 0.2444 Acc: 0.9253 | Val Loss: 0.8528 Acc: 0.7740 | LR: 2.50e-04 | Time: 77.6s
Epoch 143/1000 | Train Loss: 0.2437 Acc: 0.9259 | Val Loss: 0.8315 Acc: 0.7785 | LR: 2.50e-04 | Time: 77.7s
Epoch 144/1000 | Train Loss: 0.2373 Acc: 0.9280 | Val Loss: 0.8572 Acc: 0.7750 | LR: 1.25e-04 | Time: 77.5s
Epoch 145/1000 | Train Loss: 0.2415 Acc: 0.9269 | Val Loss: 0.8258 Acc: 0.7800 | LR: 1.25e-04 | Time: 77.5s
Epoch 146/1000 | Train Loss: 0.2202 Acc: 0.9320 | Val Loss: 0.8261 Acc: 0.7824 | LR: 1.25e-04 | Time: 77.7s
Epoch 147/1000 | Train Loss: 0.2147 Acc: 0.9347 | Val Loss: 0.8376 Acc: 0.7807 | LR: 1.25e-04 | Time: 77.6s
Epoch 148/1000 | Train Loss: 0.2145 Acc: 0.9338 | Val Loss: 0.8419 Acc: 0.7783 | LR: 1.25e-04 | Time: 77.5s
Epoch 149/1000 | Train Loss: 0.2122 Acc: 0.9337 | Val Loss: 0.8225 Acc: 0.7786 | LR: 1.25e-04 | Time: 77.5s
Epoch 150/1000 | Train Loss: 0.2093 Acc: 0.9356 | Val Loss: 0.8363 Acc: 0.7792 | LR: 1.25e-04 | Time: 77.6s
Epoch 151/1000 | Train Loss: 0.2179 Acc: 0.9334 | Val Loss: 0.8437 Acc: 0.7790 | LR: 1.25e-04 | Time: 77.6s
Epoch 152/1000 | Train Loss: 0.2138 Acc: 0.9354 | Val Loss: 0.8338 Acc: 0.7814 | LR: 1.25e-04 | Time: 77.7s
Epoch 153/1000 | Train Loss: 0.2104 Acc: 0.9374 | Val Loss: 0.8230 Acc: 0.7809 | LR: 1.25e-04 | Time: 77.5s
Epoch 154/1000 | Train Loss: 0.2092 Acc: 0.9366 | Val Loss: 0.8219 Acc: 0.7844 | LR: 1.25e-04 | Time: 77.6s
  → Sauvegardé ! (Val Acc: 0.7844)
Epoch 155/1000 | Train Loss: 0.1894 Acc: 0.9398 | Val Loss: 0.8769 Acc: 0.7749 | LR: 1.25e-04 | Time: 77.5s
Epoch 156/1000 | Train Loss: 0.1981 Acc: 0.9399 | Val Loss: 0.8239 Acc: 0.7867 | LR: 1.25e-04 | Time: 77.5s
  → Sauvegardé ! (Val Acc: 0.7867)
Epoch 157/1000 | Train Loss: 0.2040 Acc: 0.9379 | Val Loss: 0.8322 Acc: 0.7804 | LR: 1.25e-04 | Time: 77.5s
Epoch 158/1000 | Train Loss: 0.1954 Acc: 0.9399 | Val Loss: 0.8605 Acc: 0.7771 | LR: 1.25e-04 | Time: 77.5s
Epoch 159/1000 | Train Loss: 0.2000 Acc: 0.9382 | Val Loss: 0.8454 Acc: 0.7799 | LR: 1.25e-04 | Time: 77.7s
Epoch 160/1000 | Train Loss: 0.1959 Acc: 0.9406 | Val Loss: 0.8550 Acc: 0.7796 | LR: 1.25e-04 | Time: 77.6s
Epoch 161/1000 | Train Loss: 0.1886 Acc: 0.9422 | Val Loss: 0.8338 Acc: 0.7799 | LR: 1.25e-04 | Time: 77.6s
Epoch 162/1000 | Train Loss: 0.1938 Acc: 0.9402 | Val Loss: 0.8498 Acc: 0.7789 | LR: 1.25e-04 | Time: 77.6s
Epoch 163/1000 | Train Loss: 0.1952 Acc: 0.9402 | Val Loss: 0.8562 Acc: 0.7775 | LR: 1.25e-04 | Time: 77.6s
Epoch 164/1000 | Train Loss: 0.1867 Acc: 0.9412 | Val Loss: 0.8645 Acc: 0.7779 | LR: 1.25e-04 | Time: 77.6s
Epoch 165/1000 | Train Loss: 0.1847 Acc: 0.9434 | Val Loss: 0.8702 Acc: 0.7753 | LR: 1.25e-04 | Time: 77.6s
Epoch 166/1000 | Train Loss: 0.1845 Acc: 0.9435 | Val Loss: 0.8895 Acc: 0.7726 | LR: 1.25e-04 | Time: 77.6s
Epoch 167/1000 | Train Loss: 0.1904 Acc: 0.9411 | Val Loss: 0.8716 Acc: 0.7760 | LR: 6.25e-05 | Time: 77.5s
Epoch 168/1000 | Train Loss: 0.1762 Acc: 0.9457 | Val Loss: 0.8632 Acc: 0.7773 | LR: 6.25e-05 | Time: 77.6s
Epoch 169/1000 | Train Loss: 0.1709 Acc: 0.9469 | Val Loss: 0.8359 Acc: 0.7825 | LR: 6.25e-05 | Time: 77.6s
Epoch 170/1000 | Train Loss: 0.1716 Acc: 0.9474 | Val Loss: 0.8513 Acc: 0.7784 | LR: 6.25e-05 | Time: 77.5s
Epoch 171/1000 | Train Loss: 0.1763 Acc: 0.9475 | Val Loss: 0.8389 Acc: 0.7811 | LR: 6.25e-05 | Time: 77.5s
Epoch 172/1000 | Train Loss: 0.1943 Acc: 0.9424 | Val Loss: 0.8397 Acc: 0.7810 | LR: 6.25e-05 | Time: 77.6s
Epoch 173/1000 | Train Loss: 0.1675 Acc: 0.9489 | Val Loss: 0.8501 Acc: 0.7835 | LR: 6.25e-05 | Time: 77.5s
Epoch 174/1000 | Train Loss: 0.1717 Acc: 0.9469 | Val Loss: 0.8626 Acc: 0.7804 | LR: 6.25e-05 | Time: 77.6s
Epoch 175/1000 | Train Loss: 0.1709 Acc: 0.9473 | Val Loss: 0.8661 Acc: 0.7817 | LR: 6.25e-05 | Time: 77.7s
Epoch 176/1000 | Train Loss: 0.1734 Acc: 0.9474 | Val Loss: 0.8512 Acc: 0.7781 | LR: 6.25e-05 | Time: 77.7s
Epoch 177/1000 | Train Loss: 0.1728 Acc: 0.9463 | Val Loss: 0.8381 Acc: 0.7835 | LR: 6.25e-05 | Time: 77.5s
Epoch 178/1000 | Train Loss: 0.1670 Acc: 0.9480 | Val Loss: 0.8374 Acc: 0.7860 | LR: 3.13e-05 | Time: 77.7s
Epoch 179/1000 | Train Loss: 0.1674 Acc: 0.9489 | Val Loss: 0.8693 Acc: 0.7758 | LR: 3.13e-05 | Time: 77.5s
Epoch 180/1000 | Train Loss: 0.1626 Acc: 0.9490 | Val Loss: 0.8417 Acc: 0.7821 | LR: 3.13e-05 | Time: 77.5s
Epoch 181/1000 | Train Loss: 0.1685 Acc: 0.9484 | Val Loss: 0.8708 Acc: 0.7779 | LR: 3.13e-05 | Time: 77.5s

Early stopping à l'époque 181

============================================================
ÉVALUATION FINALE
============================================================
Meilleur modèle : époque 156, val_acc: 0.7867

Test 1-shot 20-way :
  Accuracy : 0.7885 (78.85%)
