============================================================
ENTRAÎNEMENT
  Backbone            : resnet18
  Setup               : 1-shot 20-way
  Queries par classe  : 7
  Épisodes/époque     : 400 (~100 par GPU)
  Époques max         : 1000
============================================================
Epoch   1/1000 | Train Loss: 3.3095 Acc: 0.1852 | Val Loss: 2.5326 Acc: 0.3011 | LR: 1.00e-03 | Time: 32.0s
  → Sauvegardé ! (Val Acc: 0.3011)
Epoch   2/1000 | Train Loss: 2.1360 Acc: 0.3667 | Val Loss: 1.8639 Acc: 0.4309 | LR: 1.00e-03 | Time: 30.4s
  → Sauvegardé ! (Val Acc: 0.4309)
Epoch   3/1000 | Train Loss: 1.7685 Acc: 0.4546 | Val Loss: 1.6483 Acc: 0.4938 | LR: 1.00e-03 | Time: 30.6s
  → Sauvegardé ! (Val Acc: 0.4938)
Epoch   4/1000 | Train Loss: 1.5862 Acc: 0.5084 | Val Loss: 1.5533 Acc: 0.5178 | LR: 1.00e-03 | Time: 30.8s
  → Sauvegardé ! (Val Acc: 0.5178)
Epoch   5/1000 | Train Loss: 1.4726 Acc: 0.5400 | Val Loss: 1.4611 Acc: 0.5463 | LR: 1.00e-03 | Time: 30.4s
  → Sauvegardé ! (Val Acc: 0.5463)
Epoch   6/1000 | Train Loss: 1.3907 Acc: 0.5677 | Val Loss: 1.4093 Acc: 0.5649 | LR: 1.00e-03 | Time: 30.6s
  → Sauvegardé ! (Val Acc: 0.5649)
Epoch   7/1000 | Train Loss: 1.3351 Acc: 0.5837 | Val Loss: 1.3587 Acc: 0.5764 | LR: 1.00e-03 | Time: 30.6s
  → Sauvegardé ! (Val Acc: 0.5764)
Epoch   8/1000 | Train Loss: 1.2614 Acc: 0.6105 | Val Loss: 1.3058 Acc: 0.5901 | LR: 1.00e-03 | Time: 30.5s
  → Sauvegardé ! (Val Acc: 0.5901)
Epoch   9/1000 | Train Loss: 1.2264 Acc: 0.6206 | Val Loss: 1.2372 Acc: 0.6194 | LR: 1.00e-03 | Time: 30.8s
  → Sauvegardé ! (Val Acc: 0.6194)
Epoch  10/1000 | Train Loss: 1.1800 Acc: 0.6329 | Val Loss: 1.2135 Acc: 0.6281 | LR: 1.00e-03 | Time: 30.6s
  → Sauvegardé ! (Val Acc: 0.6281)
Epoch  11/1000 | Train Loss: 1.1500 Acc: 0.6425 | Val Loss: 1.1823 Acc: 0.6356 | LR: 1.00e-03 | Time: 30.6s
  → Sauvegardé ! (Val Acc: 0.6356)
Epoch  12/1000 | Train Loss: 1.1322 Acc: 0.6508 | Val Loss: 1.1735 Acc: 0.6416 | LR: 1.00e-03 | Time: 30.3s
  → Sauvegardé ! (Val Acc: 0.6416)
Epoch  13/1000 | Train Loss: 1.0967 Acc: 0.6617 | Val Loss: 1.1624 Acc: 0.6433 | LR: 1.00e-03 | Time: 30.4s
  → Sauvegardé ! (Val Acc: 0.6433)
Epoch  14/1000 | Train Loss: 1.0651 Acc: 0.6699 | Val Loss: 1.1617 Acc: 0.6439 | LR: 1.00e-03 | Time: 30.7s
  → Sauvegardé ! (Val Acc: 0.6439)
Epoch  15/1000 | Train Loss: 1.0522 Acc: 0.6767 | Val Loss: 1.1198 Acc: 0.6600 | LR: 1.00e-03 | Time: 30.5s
  → Sauvegardé ! (Val Acc: 0.6600)
Epoch  16/1000 | Train Loss: 1.0171 Acc: 0.6880 | Val Loss: 1.0846 Acc: 0.6729 | LR: 1.00e-03 | Time: 30.6s
  → Sauvegardé ! (Val Acc: 0.6729)
Epoch  17/1000 | Train Loss: 1.0095 Acc: 0.6892 | Val Loss: 1.1011 Acc: 0.6682 | LR: 1.00e-03 | Time: 30.6s
Epoch  18/1000 | Train Loss: 0.9859 Acc: 0.6970 | Val Loss: 1.0820 Acc: 0.6715 | LR: 1.00e-03 | Time: 30.5s
Epoch  19/1000 | Train Loss: 0.9864 Acc: 0.6994 | Val Loss: 1.0641 Acc: 0.6752 | LR: 1.00e-03 | Time: 30.6s
  → Sauvegardé ! (Val Acc: 0.6752)
Epoch  20/1000 | Train Loss: 0.9576 Acc: 0.7072 | Val Loss: 1.0422 Acc: 0.6838 | LR: 1.00e-03 | Time: 30.4s
  → Sauvegardé ! (Val Acc: 0.6838)
Epoch  21/1000 | Train Loss: 0.9427 Acc: 0.7092 | Val Loss: 1.0327 Acc: 0.6854 | LR: 1.00e-03 | Time: 30.6s
  → Sauvegardé ! (Val Acc: 0.6854)
Epoch  22/1000 | Train Loss: 0.9261 Acc: 0.7158 | Val Loss: 1.0261 Acc: 0.6905 | LR: 1.00e-03 | Time: 30.3s
  → Sauvegardé ! (Val Acc: 0.6905)
Epoch  23/1000 | Train Loss: 0.9106 Acc: 0.7232 | Val Loss: 1.0237 Acc: 0.6907 | LR: 1.00e-03 | Time: 30.5s
  → Sauvegardé ! (Val Acc: 0.6907)
Epoch  24/1000 | Train Loss: 0.8993 Acc: 0.7281 | Val Loss: 1.0505 Acc: 0.6835 | LR: 1.00e-03 | Time: 30.6s
Epoch  25/1000 | Train Loss: 0.8726 Acc: 0.7351 | Val Loss: 1.0090 Acc: 0.6957 | LR: 1.00e-03 | Time: 30.5s
  → Sauvegardé ! (Val Acc: 0.6957)
Epoch  26/1000 | Train Loss: 0.8526 Acc: 0.7405 | Val Loss: 1.0027 Acc: 0.6984 | LR: 1.00e-03 | Time: 30.9s
  → Sauvegardé ! (Val Acc: 0.6984)
Epoch  27/1000 | Train Loss: 0.8641 Acc: 0.7398 | Val Loss: 1.0203 Acc: 0.6954 | LR: 1.00e-03 | Time: 30.7s
Epoch  28/1000 | Train Loss: 0.8627 Acc: 0.7377 | Val Loss: 0.9756 Acc: 0.7091 | LR: 1.00e-03 | Time: 30.3s
  → Sauvegardé ! (Val Acc: 0.7091)
Epoch  29/1000 | Train Loss: 0.8504 Acc: 0.7404 | Val Loss: 0.9708 Acc: 0.7108 | LR: 1.00e-03 | Time: 31.0s
  → Sauvegardé ! (Val Acc: 0.7108)
Epoch  30/1000 | Train Loss: 0.8521 Acc: 0.7413 | Val Loss: 0.9663 Acc: 0.7112 | LR: 1.00e-03 | Time: 30.8s
  → Sauvegardé ! (Val Acc: 0.7112)
Epoch  31/1000 | Train Loss: 0.8083 Acc: 0.7554 | Val Loss: 0.9595 Acc: 0.7101 | LR: 1.00e-03 | Time: 30.4s
Epoch  32/1000 | Train Loss: 0.8083 Acc: 0.7532 | Val Loss: 0.9726 Acc: 0.7093 | LR: 1.00e-03 | Time: 30.6s
Epoch  33/1000 | Train Loss: 0.8060 Acc: 0.7567 | Val Loss: 0.9516 Acc: 0.7173 | LR: 1.00e-03 | Time: 30.5s
  → Sauvegardé ! (Val Acc: 0.7173)
Epoch  34/1000 | Train Loss: 0.7836 Acc: 0.7620 | Val Loss: 0.9593 Acc: 0.7125 | LR: 1.00e-03 | Time: 30.7s
Epoch  35/1000 | Train Loss: 0.7922 Acc: 0.7604 | Val Loss: 0.9633 Acc: 0.7111 | LR: 1.00e-03 | Time: 30.9s
Epoch  36/1000 | Train Loss: 0.7996 Acc: 0.7562 | Val Loss: 0.9189 Acc: 0.7260 | LR: 1.00e-03 | Time: 30.6s
  → Sauvegardé ! (Val Acc: 0.7260)
Epoch  37/1000 | Train Loss: 0.7859 Acc: 0.7635 | Val Loss: 0.9430 Acc: 0.7184 | LR: 1.00e-03 | Time: 31.0s
Epoch  38/1000 | Train Loss: 0.7637 Acc: 0.7664 | Val Loss: 0.9342 Acc: 0.7203 | LR: 1.00e-03 | Time: 30.4s
Epoch  39/1000 | Train Loss: 0.7575 Acc: 0.7718 | Val Loss: 0.9583 Acc: 0.7181 | LR: 1.00e-03 | Time: 30.4s
Epoch  40/1000 | Train Loss: 0.7593 Acc: 0.7702 | Val Loss: 0.9241 Acc: 0.7221 | LR: 1.00e-03 | Time: 30.3s
Epoch  41/1000 | Train Loss: 0.7423 Acc: 0.7752 | Val Loss: 0.8995 Acc: 0.7325 | LR: 1.00e-03 | Time: 30.5s
  → Sauvegardé ! (Val Acc: 0.7325)
Epoch  42/1000 | Train Loss: 0.7361 Acc: 0.7772 | Val Loss: 0.9287 Acc: 0.7217 | LR: 1.00e-03 | Time: 30.6s
Epoch  43/1000 | Train Loss: 0.7533 Acc: 0.7719 | Val Loss: 0.9100 Acc: 0.7313 | LR: 1.00e-03 | Time: 30.6s
Epoch  44/1000 | Train Loss: 0.7167 Acc: 0.7811 | Val Loss: 0.9224 Acc: 0.7240 | LR: 1.00e-03 | Time: 30.5s
Epoch  45/1000 | Train Loss: 0.7094 Acc: 0.7869 | Val Loss: 0.8937 Acc: 0.7350 | LR: 1.00e-03 | Time: 31.0s
  → Sauvegardé ! (Val Acc: 0.7350)
Epoch  46/1000 | Train Loss: 0.7129 Acc: 0.7839 | Val Loss: 0.9152 Acc: 0.7307 | LR: 1.00e-03 | Time: 30.7s
Epoch  47/1000 | Train Loss: 0.7010 Acc: 0.7850 | Val Loss: 0.8989 Acc: 0.7343 | LR: 1.00e-03 | Time: 30.6s
Epoch  48/1000 | Train Loss: 0.6981 Acc: 0.7916 | Val Loss: 0.9024 Acc: 0.7323 | LR: 1.00e-03 | Time: 30.7s
Epoch  49/1000 | Train Loss: 0.6880 Acc: 0.7947 | Val Loss: 0.9389 Acc: 0.7229 | LR: 1.00e-03 | Time: 30.3s
Epoch  50/1000 | Train Loss: 0.6889 Acc: 0.7948 | Val Loss: 0.9022 Acc: 0.7339 | LR: 1.00e-03 | Time: 31.1s
Epoch  51/1000 | Train Loss: 0.6796 Acc: 0.7952 | Val Loss: 0.9097 Acc: 0.7336 | LR: 1.00e-03 | Time: 30.6s
Epoch  52/1000 | Train Loss: 0.6860 Acc: 0.7930 | Val Loss: 0.9078 Acc: 0.7307 | LR: 1.00e-03 | Time: 30.4s
Epoch  53/1000 | Train Loss: 0.6734 Acc: 0.7979 | Val Loss: 0.8913 Acc: 0.7382 | LR: 1.00e-03 | Time: 30.5s
  → Sauvegardé ! (Val Acc: 0.7382)
Epoch  54/1000 | Train Loss: 0.6686 Acc: 0.7967 | Val Loss: 0.8920 Acc: 0.7364 | LR: 1.00e-03 | Time: 30.8s
Epoch  55/1000 | Train Loss: 0.6442 Acc: 0.8058 | Val Loss: 0.8898 Acc: 0.7391 | LR: 1.00e-03 | Time: 30.7s
  → Sauvegardé ! (Val Acc: 0.7391)
Epoch  56/1000 | Train Loss: 0.6729 Acc: 0.7964 | Val Loss: 0.8754 Acc: 0.7439 | LR: 1.00e-03 | Time: 31.0s
  → Sauvegardé ! (Val Acc: 0.7439)
Epoch  57/1000 | Train Loss: 0.6496 Acc: 0.8028 | Val Loss: 0.8719 Acc: 0.7446 | LR: 1.00e-03 | Time: 30.8s
  → Sauvegardé ! (Val Acc: 0.7446)
Epoch  58/1000 | Train Loss: 0.6573 Acc: 0.8023 | Val Loss: 0.8675 Acc: 0.7420 | LR: 1.00e-03 | Time: 30.6s
Epoch  59/1000 | Train Loss: 0.6291 Acc: 0.8101 | Val Loss: 0.8721 Acc: 0.7424 | LR: 1.00e-03 | Time: 30.7s
Epoch  60/1000 | Train Loss: 0.6298 Acc: 0.8094 | Val Loss: 0.9046 Acc: 0.7324 | LR: 1.00e-03 | Time: 31.0s
Epoch  61/1000 | Train Loss: 0.6443 Acc: 0.8050 | Val Loss: 0.8786 Acc: 0.7419 | LR: 1.00e-03 | Time: 30.5s
Epoch  62/1000 | Train Loss: 0.6316 Acc: 0.8068 | Val Loss: 0.8916 Acc: 0.7388 | LR: 1.00e-03 | Time: 30.6s
Epoch  63/1000 | Train Loss: 0.6333 Acc: 0.8105 | Val Loss: 0.8834 Acc: 0.7406 | LR: 1.00e-03 | Time: 30.7s
Epoch  64/1000 | Train Loss: 0.6113 Acc: 0.8135 | Val Loss: 0.8985 Acc: 0.7398 | LR: 1.00e-03 | Time: 30.4s
Epoch  65/1000 | Train Loss: 0.6085 Acc: 0.8130 | Val Loss: 0.8805 Acc: 0.7388 | LR: 1.00e-03 | Time: 30.3s
Epoch  66/1000 | Train Loss: 0.6018 Acc: 0.8199 | Val Loss: 0.8806 Acc: 0.7422 | LR: 1.00e-03 | Time: 30.6s
Epoch  67/1000 | Train Loss: 0.6017 Acc: 0.8177 | Val Loss: 0.8682 Acc: 0.7443 | LR: 1.00e-03 | Time: 31.3s
Epoch  68/1000 | Train Loss: 0.6103 Acc: 0.8136 | Val Loss: 0.8711 Acc: 0.7456 | LR: 1.00e-03 | Time: 30.5s
  → Sauvegardé ! (Val Acc: 0.7456)
Epoch  69/1000 | Train Loss: 0.6161 Acc: 0.8169 | Val Loss: 0.8524 Acc: 0.7530 | LR: 1.00e-03 | Time: 30.7s
  → Sauvegardé ! (Val Acc: 0.7530)
Epoch  70/1000 | Train Loss: 0.5818 Acc: 0.8217 | Val Loss: 0.8627 Acc: 0.7489 | LR: 1.00e-03 | Time: 30.5s
Epoch  71/1000 | Train Loss: 0.5916 Acc: 0.8238 | Val Loss: 0.8773 Acc: 0.7462 | LR: 1.00e-03 | Time: 30.7s
Epoch  72/1000 | Train Loss: 0.5812 Acc: 0.8225 | Val Loss: 0.8674 Acc: 0.7445 | LR: 1.00e-03 | Time: 30.4s
Epoch  73/1000 | Train Loss: 0.5733 Acc: 0.8259 | Val Loss: 0.8681 Acc: 0.7535 | LR: 1.00e-03 | Time: 30.6s
  → Sauvegardé ! (Val Acc: 0.7535)
Epoch  74/1000 | Train Loss: 0.5612 Acc: 0.8287 | Val Loss: 0.8660 Acc: 0.7462 | LR: 1.00e-03 | Time: 30.6s
Epoch  75/1000 | Train Loss: 0.5622 Acc: 0.8310 | Val Loss: 0.8772 Acc: 0.7438 | LR: 1.00e-03 | Time: 30.6s
Epoch  76/1000 | Train Loss: 0.5712 Acc: 0.8266 | Val Loss: 0.8627 Acc: 0.7510 | LR: 1.00e-03 | Time: 30.6s
Epoch  77/1000 | Train Loss: 0.5402 Acc: 0.8362 | Val Loss: 0.8832 Acc: 0.7412 | LR: 1.00e-03 | Time: 30.7s
Epoch  78/1000 | Train Loss: 0.5631 Acc: 0.8308 | Val Loss: 0.8520 Acc: 0.7532 | LR: 1.00e-03 | Time: 30.6s
Epoch  79/1000 | Train Loss: 0.5711 Acc: 0.8266 | Val Loss: 0.8678 Acc: 0.7469 | LR: 1.00e-03 | Time: 30.6s
Epoch  80/1000 | Train Loss: 0.5492 Acc: 0.8338 | Val Loss: 0.8733 Acc: 0.7443 | LR: 1.00e-03 | Time: 30.6s
Epoch  81/1000 | Train Loss: 0.5460 Acc: 0.8327 | Val Loss: 0.8360 Acc: 0.7569 | LR: 1.00e-03 | Time: 30.7s
  → Sauvegardé ! (Val Acc: 0.7569)
Epoch  82/1000 | Train Loss: 0.5534 Acc: 0.8325 | Val Loss: 0.8786 Acc: 0.7464 | LR: 1.00e-03 | Time: 31.0s
Epoch  83/1000 | Train Loss: 0.5455 Acc: 0.8343 | Val Loss: 0.8780 Acc: 0.7480 | LR: 1.00e-03 | Time: 30.6s
Epoch  84/1000 | Train Loss: 0.5535 Acc: 0.8353 | Val Loss: 0.8740 Acc: 0.7451 | LR: 1.00e-03 | Time: 30.7s
Epoch  85/1000 | Train Loss: 0.5387 Acc: 0.8366 | Val Loss: 0.8774 Acc: 0.7470 | LR: 1.00e-03 | Time: 30.5s
Epoch  86/1000 | Train Loss: 0.5381 Acc: 0.8389 | Val Loss: 0.8769 Acc: 0.7479 | LR: 1.00e-03 | Time: 30.5s
Epoch  87/1000 | Train Loss: 0.5232 Acc: 0.8413 | Val Loss: 0.8702 Acc: 0.7471 | LR: 1.00e-03 | Time: 30.4s
Epoch  88/1000 | Train Loss: 0.5315 Acc: 0.8383 | Val Loss: 0.8797 Acc: 0.7459 | LR: 1.00e-03 | Time: 30.8s
Epoch  89/1000 | Train Loss: 0.5441 Acc: 0.8339 | Val Loss: 0.8577 Acc: 0.7519 | LR: 1.00e-03 | Time: 30.5s
Epoch  90/1000 | Train Loss: 0.5196 Acc: 0.8418 | Val Loss: 0.8630 Acc: 0.7514 | LR: 1.00e-03 | Time: 30.5s
Epoch  91/1000 | Train Loss: 0.5335 Acc: 0.8370 | Val Loss: 0.8958 Acc: 0.7419 | LR: 1.00e-03 | Time: 30.3s
Epoch  92/1000 | Train Loss: 0.5132 Acc: 0.8427 | Val Loss: 0.8711 Acc: 0.7495 | LR: 5.00e-04 | Time: 30.4s
Epoch  93/1000 | Train Loss: 0.4518 Acc: 0.8610 | Val Loss: 0.7978 Acc: 0.7694 | LR: 5.00e-04 | Time: 30.8s
  → Sauvegardé ! (Val Acc: 0.7694)
Epoch  94/1000 | Train Loss: 0.4685 Acc: 0.8606 | Val Loss: 0.8044 Acc: 0.7691 | LR: 5.00e-04 | Time: 30.6s
Epoch  95/1000 | Train Loss: 0.4423 Acc: 0.8674 | Val Loss: 0.8125 Acc: 0.7678 | LR: 5.00e-04 | Time: 30.5s
Epoch  96/1000 | Train Loss: 0.4172 Acc: 0.8754 | Val Loss: 0.8003 Acc: 0.7716 | LR: 5.00e-04 | Time: 30.5s
  → Sauvegardé ! (Val Acc: 0.7716)
Epoch  97/1000 | Train Loss: 0.4096 Acc: 0.8787 | Val Loss: 0.7984 Acc: 0.7711 | LR: 5.00e-04 | Time: 30.8s
Epoch  98/1000 | Train Loss: 0.3944 Acc: 0.8804 | Val Loss: 0.8105 Acc: 0.7674 | LR: 5.00e-04 | Time: 30.5s
Epoch  99/1000 | Train Loss: 0.3886 Acc: 0.8816 | Val Loss: 0.7928 Acc: 0.7711 | LR: 5.00e-04 | Time: 30.6s
Epoch 100/1000 | Train Loss: 0.3951 Acc: 0.8797 | Val Loss: 0.8036 Acc: 0.7716 | LR: 5.00e-04 | Time: 30.7s
Epoch 101/1000 | Train Loss: 0.3780 Acc: 0.8864 | Val Loss: 0.7998 Acc: 0.7728 | LR: 5.00e-04 | Time: 30.5s
  → Sauvegardé ! (Val Acc: 0.7728)
Epoch 102/1000 | Train Loss: 0.3811 Acc: 0.8855 | Val Loss: 0.7997 Acc: 0.7739 | LR: 5.00e-04 | Time: 30.5s
  → Sauvegardé ! (Val Acc: 0.7739)
Epoch 103/1000 | Train Loss: 0.3733 Acc: 0.8888 | Val Loss: 0.7896 Acc: 0.7741 | LR: 5.00e-04 | Time: 30.9s
  → Sauvegardé ! (Val Acc: 0.7741)
Epoch 104/1000 | Train Loss: 0.3618 Acc: 0.8909 | Val Loss: 0.8197 Acc: 0.7709 | LR: 5.00e-04 | Time: 30.4s
Epoch 105/1000 | Train Loss: 0.3684 Acc: 0.8878 | Val Loss: 0.8089 Acc: 0.7712 | LR: 5.00e-04 | Time: 30.5s
Epoch 106/1000 | Train Loss: 0.3545 Acc: 0.8941 | Val Loss: 0.8060 Acc: 0.7701 | LR: 5.00e-04 | Time: 30.3s
Epoch 107/1000 | Train Loss: 0.3796 Acc: 0.8862 | Val Loss: 0.8054 Acc: 0.7689 | LR: 5.00e-04 | Time: 30.4s
Epoch 108/1000 | Train Loss: 0.3604 Acc: 0.8889 | Val Loss: 0.8365 Acc: 0.7661 | LR: 5.00e-04 | Time: 30.5s
Epoch 109/1000 | Train Loss: 0.3538 Acc: 0.8923 | Val Loss: 0.8004 Acc: 0.7717 | LR: 5.00e-04 | Time: 30.6s
Epoch 110/1000 | Train Loss: 0.3501 Acc: 0.8933 | Val Loss: 0.8259 Acc: 0.7672 | LR: 5.00e-04 | Time: 30.4s
Epoch 111/1000 | Train Loss: 0.3437 Acc: 0.8959 | Val Loss: 0.8162 Acc: 0.7689 | LR: 5.00e-04 | Time: 30.5s
Epoch 112/1000 | Train Loss: 0.3452 Acc: 0.8935 | Val Loss: 0.8057 Acc: 0.7727 | LR: 5.00e-04 | Time: 30.3s
Epoch 113/1000 | Train Loss: 0.3348 Acc: 0.8988 | Val Loss: 0.8335 Acc: 0.7671 | LR: 5.00e-04 | Time: 30.8s
Epoch 114/1000 | Train Loss: 0.3310 Acc: 0.9003 | Val Loss: 0.8164 Acc: 0.7684 | LR: 2.50e-04 | Time: 30.4s
Epoch 115/1000 | Train Loss: 0.3183 Acc: 0.9031 | Val Loss: 0.7965 Acc: 0.7751 | LR: 2.50e-04 | Time: 30.6s
  → Sauvegardé ! (Val Acc: 0.7751)
Epoch 116/1000 | Train Loss: 0.3093 Acc: 0.9068 | Val Loss: 0.7769 Acc: 0.7819 | LR: 2.50e-04 | Time: 31.0s
  → Sauvegardé ! (Val Acc: 0.7819)
Epoch 117/1000 | Train Loss: 0.2995 Acc: 0.9105 | Val Loss: 0.8135 Acc: 0.7719 | LR: 2.50e-04 | Time: 31.0s
Epoch 118/1000 | Train Loss: 0.2983 Acc: 0.9117 | Val Loss: 0.8092 Acc: 0.7717 | LR: 2.50e-04 | Time: 30.5s
Epoch 119/1000 | Train Loss: 0.2769 Acc: 0.9182 | Val Loss: 0.7631 Acc: 0.7833 | LR: 2.50e-04 | Time: 30.7s
  → Sauvegardé ! (Val Acc: 0.7833)
Epoch 120/1000 | Train Loss: 0.2830 Acc: 0.9144 | Val Loss: 0.7773 Acc: 0.7800 | LR: 2.50e-04 | Time: 30.7s
Epoch 121/1000 | Train Loss: 0.2797 Acc: 0.9161 | Val Loss: 0.7900 Acc: 0.7792 | LR: 2.50e-04 | Time: 30.3s
Epoch 122/1000 | Train Loss: 0.2717 Acc: 0.9173 | Val Loss: 0.8061 Acc: 0.7766 | LR: 2.50e-04 | Time: 30.5s
Epoch 123/1000 | Train Loss: 0.2640 Acc: 0.9217 | Val Loss: 0.8166 Acc: 0.7747 | LR: 2.50e-04 | Time: 30.8s
Epoch 124/1000 | Train Loss: 0.2581 Acc: 0.9220 | Val Loss: 0.7616 Acc: 0.7850 | LR: 2.50e-04 | Time: 30.7s
  → Sauvegardé ! (Val Acc: 0.7850)
Epoch 125/1000 | Train Loss: 0.2596 Acc: 0.9208 | Val Loss: 0.7973 Acc: 0.7778 | LR: 2.50e-04 | Time: 30.3s
Epoch 126/1000 | Train Loss: 0.2641 Acc: 0.9209 | Val Loss: 0.7936 Acc: 0.7766 | LR: 2.50e-04 | Time: 30.4s
Epoch 127/1000 | Train Loss: 0.2560 Acc: 0.9236 | Val Loss: 0.7966 Acc: 0.7773 | LR: 2.50e-04 | Time: 30.5s
Epoch 128/1000 | Train Loss: 0.2499 Acc: 0.9232 | Val Loss: 0.7918 Acc: 0.7773 | LR: 2.50e-04 | Time: 30.7s
Epoch 129/1000 | Train Loss: 0.2461 Acc: 0.9264 | Val Loss: 0.8080 Acc: 0.7776 | LR: 2.50e-04 | Time: 30.4s
Epoch 130/1000 | Train Loss: 0.2515 Acc: 0.9244 | Val Loss: 0.8230 Acc: 0.7709 | LR: 2.50e-04 | Time: 30.5s
Epoch 131/1000 | Train Loss: 0.2490 Acc: 0.9239 | Val Loss: 0.8028 Acc: 0.7740 | LR: 2.50e-04 | Time: 30.5s
Epoch 132/1000 | Train Loss: 0.2430 Acc: 0.9264 | Val Loss: 0.8234 Acc: 0.7750 | LR: 2.50e-04 | Time: 30.6s
Epoch 133/1000 | Train Loss: 0.2457 Acc: 0.9250 | Val Loss: 0.8082 Acc: 0.7784 | LR: 2.50e-04 | Time: 30.4s
Epoch 134/1000 | Train Loss: 0.2363 Acc: 0.9276 | Val Loss: 0.8136 Acc: 0.7747 | LR: 2.50e-04 | Time: 30.6s
Epoch 135/1000 | Train Loss: 0.2379 Acc: 0.9271 | Val Loss: 0.7903 Acc: 0.7793 | LR: 1.25e-04 | Time: 30.5s
Epoch 136/1000 | Train Loss: 0.2328 Acc: 0.9299 | Val Loss: 0.7888 Acc: 0.7796 | LR: 1.25e-04 | Time: 30.5s
Epoch 137/1000 | Train Loss: 0.2131 Acc: 0.9361 | Val Loss: 0.8026 Acc: 0.7774 | LR: 1.25e-04 | Time: 30.6s
Epoch 138/1000 | Train Loss: 0.2239 Acc: 0.9329 | Val Loss: 0.7980 Acc: 0.7787 | LR: 1.25e-04 | Time: 30.6s
Epoch 139/1000 | Train Loss: 0.2201 Acc: 0.9337 | Val Loss: 0.8091 Acc: 0.7769 | LR: 1.25e-04 | Time: 30.8s
Epoch 140/1000 | Train Loss: 0.2017 Acc: 0.9394 | Val Loss: 0.7819 Acc: 0.7847 | LR: 1.25e-04 | Time: 30.6s
Epoch 141/1000 | Train Loss: 0.2111 Acc: 0.9367 | Val Loss: 0.8152 Acc: 0.7753 | LR: 1.25e-04 | Time: 30.2s
Epoch 142/1000 | Train Loss: 0.2074 Acc: 0.9384 | Val Loss: 0.7961 Acc: 0.7814 | LR: 1.25e-04 | Time: 30.7s
Epoch 143/1000 | Train Loss: 0.2079 Acc: 0.9369 | Val Loss: 0.8239 Acc: 0.7692 | LR: 1.25e-04 | Time: 30.9s
Epoch 144/1000 | Train Loss: 0.2029 Acc: 0.9384 | Val Loss: 0.7993 Acc: 0.7798 | LR: 1.25e-04 | Time: 31.3s
Epoch 145/1000 | Train Loss: 0.2119 Acc: 0.9362 | Val Loss: 0.8001 Acc: 0.7799 | LR: 1.25e-04 | Time: 31.1s
Epoch 146/1000 | Train Loss: 0.2011 Acc: 0.9399 | Val Loss: 0.7877 Acc: 0.7813 | LR: 6.25e-05 | Time: 30.6s
Epoch 147/1000 | Train Loss: 0.1906 Acc: 0.9428 | Val Loss: 0.7926 Acc: 0.7809 | LR: 6.25e-05 | Time: 30.8s
Epoch 148/1000 | Train Loss: 0.1948 Acc: 0.9411 | Val Loss: 0.7942 Acc: 0.7793 | LR: 6.25e-05 | Time: 30.8s
Epoch 149/1000 | Train Loss: 0.1901 Acc: 0.9436 | Val Loss: 0.7868 Acc: 0.7823 | LR: 6.25e-05 | Time: 30.5s

Early stopping à l'époque 149

============================================================
ÉVALUATION FINALE
============================================================
Meilleur modèle : époque 124, val_acc: 0.7850

Test 1-shot 20-way :
  Accuracy : 0.7838 (78.38%)
