WARNING:torch.distributed.run:
*****************************************
Setting OMP_NUM_THREADS environment variable for each process to be 1 in default, to avoid your system being overloaded, please further tune the variable for optimal performance in your application as needed. 
*****************************************
[W socket.cpp:401] [c10d] The server socket cannot be initialized on [::]:29500 (errno: 97 - Address family not supported by protocol).
[W socket.cpp:558] [c10d] The client socket cannot be initialized to connect to [::ffff:127.0.0.1]:29500 (errno: 97 - Address family not supported by protocol).
[W socket.cpp:558] [c10d] The client socket cannot be initialized to connect to [::ffff:127.0.0.1]:29500 (errno: 97 - Address family not supported by protocol).
[W socket.cpp:558] [c10d] The client socket cannot be initialized to connect to [::ffff:127.0.0.1]:29500 (errno: 97 - Address family not supported by protocol).
[W socket.cpp:558] [c10d] The client socket cannot be initialized to connect to [::ffff:127.0.0.1]:29500 (errno: 97 - Address family not supported by protocol).
[W socket.cpp:558] [c10d] The client socket cannot be initialized to connect to [::ffff:127.0.0.1]:29500 (errno: 97 - Address family not supported by protocol).
[W socket.cpp:558] [c10d] The client socket cannot be initialized to connect to [::ffff:127.0.0.1]:29500 (errno: 97 - Address family not supported by protocol).
[W socket.cpp:558] [c10d] The client socket cannot be initialized to connect to [::ffff:127.0.0.1]:29500 (errno: 97 - Address family not supported by protocol).
[W socket.cpp:558] [c10d] The client socket cannot be initialized to connect to [::ffff:127.0.0.1]:29500 (errno: 97 - Address family not supported by protocol).
[W socket.cpp:558] [c10d] The client socket cannot be initialized to connect to [::ffff:127.0.0.1]:29500 (errno: 97 - Address family not supported by protocol).
[W socket.cpp:558] [c10d] The client socket cannot be initialized to connect to [::ffff:127.0.0.1]:29500 (errno: 97 - Address family not supported by protocol).

============================================================
CHARGEMENT DES DONNÉES
============================================================
Identités totales                    : 10572
Images totales                       : 490623
Identités avec >= 20 images : 7502
Images retenues                      : 441540
Images par identité — min: 20, max: 802, moyenne: 58.9

Split des identités :
  Train : 5251
  Val   : 1125
  Test  : 1126

============================================================
INITIALISATION DU MODÈLE
============================================================
Identités totales                    : 10572
Images totales                       : 490623
Identités avec >= 20 images : 7502
Images retenues                      : 441540
Images par identité — min: 20, max: 802, moyenne: 58.9
Identités totales                    : 10572
Images totales                       : 490623
Identités avec >= 20 images : 7502
Images retenues                      : 441540
Images par identité — min: 20, max: 802, moyenne: 58.9

Split des identités :
  Train : 5251
  Val   : 1125
  Test  : 1126

Split des identités :
  Train : 5251
  Val   : 1125
  Test  : 1126
Identités totales                    : 10572
Images totales                       : 490623
Identités avec >= 20 images : 7502
Images retenues                      : 441540
Images par identité — min: 20, max: 802, moyenne: 58.9

Split des identités :
  Train : 5251
  Val   : 1125
  Test  : 1126
Paramètres : 23,779,392

============================================================
ENTRAÎNEMENT
  Backbone            : resnet50
  Setup               : 1-shot 10-way
  Queries par classe  : 5
  Épisodes/époque     : 400 (~100 par GPU)
  Époques max         : 1000
============================================================
Epoch   1/1000 | Train Loss: 6.5664 Acc: 0.1524 | Val Loss: 6.1739 Acc: 0.1874 | LR: 1.00e-03 | Time: 78.1s
  → Sauvegardé ! (Val Acc: 0.1874)
Epoch   2/1000 | Train Loss: 5.8273 Acc: 0.1682 | Val Loss: 5.5257 Acc: 0.2056 | LR: 1.00e-03 | Time: 76.2s
  → Sauvegardé ! (Val Acc: 0.2056)
Epoch   3/1000 | Train Loss: 5.2318 Acc: 0.1867 | Val Loss: 4.8350 Acc: 0.2302 | LR: 1.00e-03 | Time: 76.7s
  → Sauvegardé ! (Val Acc: 0.2302)
Epoch   4/1000 | Train Loss: 4.7611 Acc: 0.2135 | Val Loss: 4.8644 Acc: 0.2362 | LR: 1.00e-03 | Time: 78.0s
  → Sauvegardé ! (Val Acc: 0.2362)
Epoch   5/1000 | Train Loss: 4.4260 Acc: 0.2269 | Val Loss: 4.4953 Acc: 0.2528 | LR: 1.00e-03 | Time: 78.1s
  → Sauvegardé ! (Val Acc: 0.2528)
Epoch   6/1000 | Train Loss: 4.2512 Acc: 0.2413 | Val Loss: 4.2737 Acc: 0.2708 | LR: 1.00e-03 | Time: 78.1s
  → Sauvegardé ! (Val Acc: 0.2708)
Epoch   7/1000 | Train Loss: 4.0627 Acc: 0.2495 | Val Loss: 3.9128 Acc: 0.2752 | LR: 1.00e-03 | Time: 78.1s
  → Sauvegardé ! (Val Acc: 0.2752)
Epoch   8/1000 | Train Loss: 3.6387 Acc: 0.2873 | Val Loss: 3.6896 Acc: 0.3236 | LR: 1.00e-03 | Time: 78.1s
  → Sauvegardé ! (Val Acc: 0.3236)
Epoch   9/1000 | Train Loss: 3.3403 Acc: 0.3043 | Val Loss: 3.3142 Acc: 0.3250 | LR: 1.00e-03 | Time: 78.0s
  → Sauvegardé ! (Val Acc: 0.3250)
Epoch  10/1000 | Train Loss: 3.0531 Acc: 0.3310 | Val Loss: 3.1193 Acc: 0.3430 | LR: 1.00e-03 | Time: 78.0s
  → Sauvegardé ! (Val Acc: 0.3430)
Epoch  11/1000 | Train Loss: 2.8664 Acc: 0.3557 | Val Loss: 3.2324 Acc: 0.3266 | LR: 1.00e-03 | Time: 78.0s
Epoch  12/1000 | Train Loss: 2.7405 Acc: 0.3496 | Val Loss: 2.7126 Acc: 0.3668 | LR: 1.00e-03 | Time: 78.1s
  → Sauvegardé ! (Val Acc: 0.3668)
Epoch  13/1000 | Train Loss: 2.5202 Acc: 0.3662 | Val Loss: 2.4082 Acc: 0.4020 | LR: 1.00e-03 | Time: 76.8s
  → Sauvegardé ! (Val Acc: 0.4020)
Epoch  14/1000 | Train Loss: 2.3144 Acc: 0.3912 | Val Loss: 2.3902 Acc: 0.3940 | LR: 1.00e-03 | Time: 78.1s
Epoch  15/1000 | Train Loss: 2.1905 Acc: 0.3884 | Val Loss: 2.1063 Acc: 0.3988 | LR: 1.00e-03 | Time: 77.5s
Epoch  16/1000 | Train Loss: 1.9080 Acc: 0.4125 | Val Loss: 1.7884 Acc: 0.4140 | LR: 1.00e-03 | Time: 76.4s
  → Sauvegardé ! (Val Acc: 0.4140)
Epoch  17/1000 | Train Loss: 1.6539 Acc: 0.4348 | Val Loss: 1.6712 Acc: 0.4594 | LR: 1.00e-03 | Time: 76.3s
  → Sauvegardé ! (Val Acc: 0.4594)
Epoch  18/1000 | Train Loss: 1.5694 Acc: 0.4592 | Val Loss: 1.4772 Acc: 0.4774 | LR: 1.00e-03 | Time: 76.4s
  → Sauvegardé ! (Val Acc: 0.4774)
Epoch  19/1000 | Train Loss: 1.5534 Acc: 0.4540 | Val Loss: 1.5938 Acc: 0.4484 | LR: 1.00e-03 | Time: 76.4s
Epoch  20/1000 | Train Loss: 1.6497 Acc: 0.4311 | Val Loss: 1.6386 Acc: 0.4304 | LR: 1.00e-03 | Time: 76.3s
Epoch  21/1000 | Train Loss: 1.7371 Acc: 0.3937 | Val Loss: 2.0323 Acc: 0.3760 | LR: 1.00e-03 | Time: 76.3s
Epoch  22/1000 | Train Loss: 1.6200 Acc: 0.4320 | Val Loss: 1.5278 Acc: 0.4640 | LR: 1.00e-03 | Time: 76.2s
Epoch  23/1000 | Train Loss: 1.5177 Acc: 0.4634 | Val Loss: 1.5020 Acc: 0.4804 | LR: 1.00e-03 | Time: 76.3s
  → Sauvegardé ! (Val Acc: 0.4804)
Epoch  24/1000 | Train Loss: 1.4636 Acc: 0.4835 | Val Loss: 1.4562 Acc: 0.4832 | LR: 1.00e-03 | Time: 76.2s
  → Sauvegardé ! (Val Acc: 0.4832)
Epoch  25/1000 | Train Loss: 1.4028 Acc: 0.5118 | Val Loss: 1.3923 Acc: 0.5160 | LR: 1.00e-03 | Time: 76.3s
  → Sauvegardé ! (Val Acc: 0.5160)
Epoch  26/1000 | Train Loss: 1.4352 Acc: 0.4886 | Val Loss: 1.4519 Acc: 0.4960 | LR: 1.00e-03 | Time: 76.2s
Epoch  27/1000 | Train Loss: 1.4315 Acc: 0.4933 | Val Loss: 1.3347 Acc: 0.5284 | LR: 1.00e-03 | Time: 76.1s
  → Sauvegardé ! (Val Acc: 0.5284)
Epoch  28/1000 | Train Loss: 1.4074 Acc: 0.5001 | Val Loss: 1.3575 Acc: 0.5216 | LR: 1.00e-03 | Time: 78.1s
Epoch  29/1000 | Train Loss: 1.4418 Acc: 0.4906 | Val Loss: 1.3157 Acc: 0.5434 | LR: 1.00e-03 | Time: 78.0s
  → Sauvegardé ! (Val Acc: 0.5434)
Epoch  30/1000 | Train Loss: 1.3875 Acc: 0.5167 | Val Loss: 1.2946 Acc: 0.5548 | LR: 1.00e-03 | Time: 78.2s
  → Sauvegardé ! (Val Acc: 0.5548)
Epoch  31/1000 | Train Loss: 1.3312 Acc: 0.5339 | Val Loss: 1.3002 Acc: 0.5474 | LR: 1.00e-03 | Time: 78.0s
Epoch  32/1000 | Train Loss: 1.3465 Acc: 0.5292 | Val Loss: 1.2306 Acc: 0.5740 | LR: 1.00e-03 | Time: 78.1s
  → Sauvegardé ! (Val Acc: 0.5740)
Epoch  33/1000 | Train Loss: 1.3614 Acc: 0.5196 | Val Loss: 1.3292 Acc: 0.5400 | LR: 1.00e-03 | Time: 76.4s
Epoch  34/1000 | Train Loss: 1.3338 Acc: 0.5303 | Val Loss: 1.3309 Acc: 0.5288 | LR: 1.00e-03 | Time: 76.1s
Epoch  35/1000 | Train Loss: 1.3313 Acc: 0.5342 | Val Loss: 1.3781 Acc: 0.5088 | LR: 1.00e-03 | Time: 76.3s
Epoch  36/1000 | Train Loss: 1.3859 Acc: 0.5171 | Val Loss: 1.2941 Acc: 0.5480 | LR: 1.00e-03 | Time: 76.1s
Epoch  37/1000 | Train Loss: 1.3567 Acc: 0.5298 | Val Loss: 1.3104 Acc: 0.5504 | LR: 1.00e-03 | Time: 76.2s
Epoch  38/1000 | Train Loss: 1.3827 Acc: 0.5213 | Val Loss: 1.3072 Acc: 0.5510 | LR: 1.00e-03 | Time: 76.3s
Epoch  39/1000 | Train Loss: 1.3501 Acc: 0.5274 | Val Loss: 1.2702 Acc: 0.5622 | LR: 1.00e-03 | Time: 76.3s
Epoch  40/1000 | Train Loss: 1.3088 Acc: 0.5427 | Val Loss: 1.3239 Acc: 0.5382 | LR: 1.00e-03 | Time: 76.3s
Epoch  41/1000 | Train Loss: 1.4040 Acc: 0.5094 | Val Loss: 1.4070 Acc: 0.5144 | LR: 1.00e-03 | Time: 76.3s
Epoch  42/1000 | Train Loss: 1.3562 Acc: 0.5224 | Val Loss: 1.2897 Acc: 0.5618 | LR: 1.00e-03 | Time: 78.1s
Epoch  43/1000 | Train Loss: 1.3172 Acc: 0.5432 | Val Loss: 1.3062 Acc: 0.5514 | LR: 5.00e-04 | Time: 78.2s
Epoch  44/1000 | Train Loss: 1.2152 Acc: 0.5676 | Val Loss: 1.1557 Acc: 0.6010 | LR: 5.00e-04 | Time: 78.3s
  → Sauvegardé ! (Val Acc: 0.6010)
Epoch  45/1000 | Train Loss: 1.1405 Acc: 0.6070 | Val Loss: 1.0991 Acc: 0.6144 | LR: 5.00e-04 | Time: 76.1s
  → Sauvegardé ! (Val Acc: 0.6144)
Epoch  46/1000 | Train Loss: 1.1341 Acc: 0.6020 | Val Loss: 1.2831 Acc: 0.5584 | LR: 5.00e-04 | Time: 78.3s
Epoch  47/1000 | Train Loss: 1.2577 Acc: 0.5731 | Val Loss: 1.2176 Acc: 0.5842 | LR: 5.00e-04 | Time: 78.2s
Epoch  48/1000 | Train Loss: 1.2196 Acc: 0.5820 | Val Loss: 1.1777 Acc: 0.5972 | LR: 5.00e-04 | Time: 78.1s
Epoch  49/1000 | Train Loss: 1.1450 Acc: 0.6047 | Val Loss: 1.1037 Acc: 0.6236 | LR: 5.00e-04 | Time: 78.3s
  → Sauvegardé ! (Val Acc: 0.6236)
Epoch  50/1000 | Train Loss: 1.0406 Acc: 0.6331 | Val Loss: 1.0748 Acc: 0.6216 | LR: 5.00e-04 | Time: 78.0s
Epoch  51/1000 | Train Loss: 1.1568 Acc: 0.5993 | Val Loss: 1.1402 Acc: 0.6132 | LR: 5.00e-04 | Time: 78.1s
Epoch  52/1000 | Train Loss: 1.0902 Acc: 0.6157 | Val Loss: 1.1322 Acc: 0.6060 | LR: 5.00e-04 | Time: 78.1s
Epoch  53/1000 | Train Loss: 1.1350 Acc: 0.6047 | Val Loss: 1.1058 Acc: 0.6312 | LR: 5.00e-04 | Time: 78.1s
  → Sauvegardé ! (Val Acc: 0.6312)
Epoch  54/1000 | Train Loss: 1.0934 Acc: 0.6248 | Val Loss: 1.1120 Acc: 0.6154 | LR: 5.00e-04 | Time: 78.3s
Epoch  55/1000 | Train Loss: 1.0857 Acc: 0.6234 | Val Loss: 1.0392 Acc: 0.6432 | LR: 5.00e-04 | Time: 78.2s
  → Sauvegardé ! (Val Acc: 0.6432)
Epoch  56/1000 | Train Loss: 1.0929 Acc: 0.6153 | Val Loss: 1.0890 Acc: 0.6240 | LR: 5.00e-04 | Time: 78.1s
Epoch  57/1000 | Train Loss: 1.1007 Acc: 0.6192 | Val Loss: 1.0686 Acc: 0.6346 | LR: 5.00e-04 | Time: 78.1s
Epoch  58/1000 | Train Loss: 1.1197 Acc: 0.6147 | Val Loss: 1.0798 Acc: 0.6274 | LR: 5.00e-04 | Time: 78.0s
Epoch  59/1000 | Train Loss: 1.0871 Acc: 0.6264 | Val Loss: 1.0096 Acc: 0.6522 | LR: 5.00e-04 | Time: 77.9s
  → Sauvegardé ! (Val Acc: 0.6522)
Epoch  60/1000 | Train Loss: 1.0710 Acc: 0.6356 | Val Loss: 1.0651 Acc: 0.6320 | LR: 5.00e-04 | Time: 78.2s
Epoch  61/1000 | Train Loss: 1.0809 Acc: 0.6216 | Val Loss: 1.0928 Acc: 0.6208 | LR: 5.00e-04 | Time: 78.3s
Epoch  62/1000 | Train Loss: 1.0583 Acc: 0.6305 | Val Loss: 1.0454 Acc: 0.6408 | LR: 5.00e-04 | Time: 77.4s
Epoch  63/1000 | Train Loss: 1.0897 Acc: 0.6173 | Val Loss: 1.0993 Acc: 0.6258 | LR: 5.00e-04 | Time: 76.6s
Epoch  64/1000 | Train Loss: 1.0537 Acc: 0.6362 | Val Loss: 1.0967 Acc: 0.6306 | LR: 5.00e-04 | Time: 76.3s
Epoch  65/1000 | Train Loss: 1.0769 Acc: 0.6381 | Val Loss: 1.0191 Acc: 0.6498 | LR: 5.00e-04 | Time: 76.1s
Epoch  66/1000 | Train Loss: 1.0356 Acc: 0.6401 | Val Loss: 1.0872 Acc: 0.6128 | LR: 5.00e-04 | Time: 76.1s
Epoch  67/1000 | Train Loss: 1.0438 Acc: 0.6375 | Val Loss: 1.0295 Acc: 0.6508 | LR: 5.00e-04 | Time: 76.3s
Epoch  68/1000 | Train Loss: 1.0804 Acc: 0.6339 | Val Loss: 1.1662 Acc: 0.6022 | LR: 5.00e-04 | Time: 76.4s
Epoch  69/1000 | Train Loss: 1.0240 Acc: 0.6557 | Val Loss: 1.0432 Acc: 0.6376 | LR: 5.00e-04 | Time: 76.3s
Epoch  70/1000 | Train Loss: 1.0599 Acc: 0.6344 | Val Loss: 0.9868 Acc: 0.6504 | LR: 2.50e-04 | Time: 76.2s
Epoch  71/1000 | Train Loss: 0.9834 Acc: 0.6638 | Val Loss: 0.9288 Acc: 0.6938 | LR: 2.50e-04 | Time: 76.2s
  → Sauvegardé ! (Val Acc: 0.6938)
Epoch  72/1000 | Train Loss: 0.9759 Acc: 0.6667 | Val Loss: 0.9915 Acc: 0.6622 | LR: 2.50e-04 | Time: 76.1s
Epoch  73/1000 | Train Loss: 0.9661 Acc: 0.6685 | Val Loss: 0.9544 Acc: 0.6734 | LR: 2.50e-04 | Time: 76.0s
Epoch  74/1000 | Train Loss: 0.9079 Acc: 0.6861 | Val Loss: 0.9591 Acc: 0.6784 | LR: 2.50e-04 | Time: 76.1s
Epoch  75/1000 | Train Loss: 0.9263 Acc: 0.6784 | Val Loss: 0.8954 Acc: 0.6856 | LR: 2.50e-04 | Time: 76.1s
Epoch  76/1000 | Train Loss: 0.9658 Acc: 0.6714 | Val Loss: 0.9635 Acc: 0.6750 | LR: 2.50e-04 | Time: 76.1s
Epoch  77/1000 | Train Loss: 0.9358 Acc: 0.6847 | Val Loss: 0.9186 Acc: 0.6938 | LR: 2.50e-04 | Time: 76.2s
Epoch  78/1000 | Train Loss: 0.9153 Acc: 0.6904 | Val Loss: 0.8989 Acc: 0.6984 | LR: 2.50e-04 | Time: 76.2s
  → Sauvegardé ! (Val Acc: 0.6984)
Epoch  79/1000 | Train Loss: 0.9400 Acc: 0.6787 | Val Loss: 0.8981 Acc: 0.6942 | LR: 2.50e-04 | Time: 76.3s
Epoch  80/1000 | Train Loss: 0.9057 Acc: 0.6884 | Val Loss: 0.9440 Acc: 0.6748 | LR: 2.50e-04 | Time: 76.3s
Epoch  81/1000 | Train Loss: 0.8792 Acc: 0.6982 | Val Loss: 0.9073 Acc: 0.6892 | LR: 2.50e-04 | Time: 76.3s
Epoch  82/1000 | Train Loss: 0.9242 Acc: 0.6844 | Val Loss: 0.9098 Acc: 0.6916 | LR: 2.50e-04 | Time: 76.2s
Epoch  83/1000 | Train Loss: 0.9261 Acc: 0.6849 | Val Loss: 0.9285 Acc: 0.6864 | LR: 2.50e-04 | Time: 76.4s
Epoch  84/1000 | Train Loss: 0.9048 Acc: 0.6910 | Val Loss: 0.8735 Acc: 0.7012 | LR: 2.50e-04 | Time: 76.2s
  → Sauvegardé ! (Val Acc: 0.7012)
Epoch  85/1000 | Train Loss: 0.8959 Acc: 0.6971 | Val Loss: 0.9025 Acc: 0.6998 | LR: 2.50e-04 | Time: 76.2s
Epoch  86/1000 | Train Loss: 0.8719 Acc: 0.7032 | Val Loss: 0.9442 Acc: 0.6844 | LR: 2.50e-04 | Time: 76.3s
Epoch  87/1000 | Train Loss: 0.8900 Acc: 0.6946 | Val Loss: 0.8828 Acc: 0.7026 | LR: 2.50e-04 | Time: 76.2s
  → Sauvegardé ! (Val Acc: 0.7026)
Epoch  88/1000 | Train Loss: 0.8952 Acc: 0.6984 | Val Loss: 0.8965 Acc: 0.6912 | LR: 2.50e-04 | Time: 76.2s
Epoch  89/1000 | Train Loss: 0.8943 Acc: 0.6947 | Val Loss: 0.8779 Acc: 0.6980 | LR: 2.50e-04 | Time: 76.2s
Epoch  90/1000 | Train Loss: 0.8486 Acc: 0.7099 | Val Loss: 0.8874 Acc: 0.6978 | LR: 2.50e-04 | Time: 76.3s
Epoch  91/1000 | Train Loss: 0.9030 Acc: 0.6951 | Val Loss: 0.9114 Acc: 0.6960 | LR: 2.50e-04 | Time: 76.2s
Epoch  92/1000 | Train Loss: 0.8890 Acc: 0.6993 | Val Loss: 0.8745 Acc: 0.7074 | LR: 2.50e-04 | Time: 76.2s
  → Sauvegardé ! (Val Acc: 0.7074)
Epoch  93/1000 | Train Loss: 0.8259 Acc: 0.7171 | Val Loss: 0.8228 Acc: 0.7268 | LR: 2.50e-04 | Time: 76.1s
  → Sauvegardé ! (Val Acc: 0.7268)
Epoch  94/1000 | Train Loss: 0.8302 Acc: 0.7091 | Val Loss: 0.8851 Acc: 0.7070 | LR: 2.50e-04 | Time: 76.3s
Epoch  95/1000 | Train Loss: 0.8593 Acc: 0.7040 | Val Loss: 0.8829 Acc: 0.7028 | LR: 2.50e-04 | Time: 76.4s
Epoch  96/1000 | Train Loss: 0.8695 Acc: 0.6988 | Val Loss: 0.8679 Acc: 0.7058 | LR: 2.50e-04 | Time: 76.3s
Epoch  97/1000 | Train Loss: 0.8090 Acc: 0.7268 | Val Loss: 0.8199 Acc: 0.7184 | LR: 2.50e-04 | Time: 76.4s
Epoch  98/1000 | Train Loss: 0.8386 Acc: 0.7189 | Val Loss: 0.8221 Acc: 0.7292 | LR: 2.50e-04 | Time: 76.4s
  → Sauvegardé ! (Val Acc: 0.7292)
Epoch  99/1000 | Train Loss: 0.8302 Acc: 0.7216 | Val Loss: 0.7940 Acc: 0.7336 | LR: 2.50e-04 | Time: 76.3s
  → Sauvegardé ! (Val Acc: 0.7336)
Epoch 100/1000 | Train Loss: 0.7903 Acc: 0.7347 | Val Loss: 0.8402 Acc: 0.7252 | LR: 2.50e-04 | Time: 76.3s
Epoch 101/1000 | Train Loss: 0.8318 Acc: 0.7117 | Val Loss: 0.8467 Acc: 0.7220 | LR: 2.50e-04 | Time: 76.3s
Epoch 102/1000 | Train Loss: 0.8479 Acc: 0.7133 | Val Loss: 0.8778 Acc: 0.7042 | LR: 2.50e-04 | Time: 76.2s
Epoch 103/1000 | Train Loss: 0.7978 Acc: 0.7254 | Val Loss: 0.8187 Acc: 0.7246 | LR: 2.50e-04 | Time: 76.3s
Epoch 104/1000 | Train Loss: 0.7963 Acc: 0.7319 | Val Loss: 0.8014 Acc: 0.7326 | LR: 2.50e-04 | Time: 76.2s
Epoch 105/1000 | Train Loss: 0.7944 Acc: 0.7298 | Val Loss: 0.8268 Acc: 0.7276 | LR: 2.50e-04 | Time: 76.2s
Epoch 106/1000 | Train Loss: 0.8211 Acc: 0.7187 | Val Loss: 0.7736 Acc: 0.7420 | LR: 2.50e-04 | Time: 76.3s
  → Sauvegardé ! (Val Acc: 0.7420)
Epoch 107/1000 | Train Loss: 0.7807 Acc: 0.7348 | Val Loss: 0.7814 Acc: 0.7392 | LR: 2.50e-04 | Time: 76.3s
Epoch 108/1000 | Train Loss: 0.8075 Acc: 0.7321 | Val Loss: 0.8677 Acc: 0.7092 | LR: 2.50e-04 | Time: 76.4s
Epoch 109/1000 | Train Loss: 0.8240 Acc: 0.7265 | Val Loss: 0.8430 Acc: 0.7254 | LR: 2.50e-04 | Time: 76.3s
Epoch 110/1000 | Train Loss: 0.8435 Acc: 0.7230 | Val Loss: 0.8352 Acc: 0.7216 | LR: 2.50e-04 | Time: 76.3s
Epoch 111/1000 | Train Loss: 0.7818 Acc: 0.7355 | Val Loss: 0.8191 Acc: 0.7334 | LR: 2.50e-04 | Time: 76.5s
Epoch 112/1000 | Train Loss: 0.7710 Acc: 0.7431 | Val Loss: 0.8288 Acc: 0.7244 | LR: 2.50e-04 | Time: 76.4s
Epoch 113/1000 | Train Loss: 0.7897 Acc: 0.7312 | Val Loss: 0.7819 Acc: 0.7446 | LR: 2.50e-04 | Time: 76.4s
  → Sauvegardé ! (Val Acc: 0.7446)
Epoch 114/1000 | Train Loss: 0.8105 Acc: 0.7290 | Val Loss: 0.8183 Acc: 0.7274 | LR: 2.50e-04 | Time: 76.3s
Epoch 115/1000 | Train Loss: 0.8213 Acc: 0.7287 | Val Loss: 0.7917 Acc: 0.7326 | LR: 2.50e-04 | Time: 76.3s
Epoch 116/1000 | Train Loss: 0.7963 Acc: 0.7330 | Val Loss: 0.7712 Acc: 0.7474 | LR: 2.50e-04 | Time: 76.3s
  → Sauvegardé ! (Val Acc: 0.7474)
Epoch 117/1000 | Train Loss: 0.8234 Acc: 0.7194 | Val Loss: 0.8027 Acc: 0.7344 | LR: 2.50e-04 | Time: 76.3s
Epoch 118/1000 | Train Loss: 0.7942 Acc: 0.7322 | Val Loss: 0.7860 Acc: 0.7362 | LR: 2.50e-04 | Time: 76.2s
Epoch 119/1000 | Train Loss: 0.8024 Acc: 0.7295 | Val Loss: 0.8540 Acc: 0.7114 | LR: 2.50e-04 | Time: 76.2s
Epoch 120/1000 | Train Loss: 0.7338 Acc: 0.7498 | Val Loss: 0.7702 Acc: 0.7510 | LR: 2.50e-04 | Time: 76.3s
  → Sauvegardé ! (Val Acc: 0.7510)
Epoch 121/1000 | Train Loss: 0.7521 Acc: 0.7414 | Val Loss: 0.8197 Acc: 0.7386 | LR: 2.50e-04 | Time: 78.2s
Epoch 122/1000 | Train Loss: 0.7576 Acc: 0.7479 | Val Loss: 0.8456 Acc: 0.7266 | LR: 2.50e-04 | Time: 78.3s
Epoch 123/1000 | Train Loss: 0.7479 Acc: 0.7471 | Val Loss: 0.8102 Acc: 0.7286 | LR: 2.50e-04 | Time: 78.2s
Epoch 124/1000 | Train Loss: 0.7101 Acc: 0.7627 | Val Loss: 0.7752 Acc: 0.7420 | LR: 2.50e-04 | Time: 78.3s
Epoch 125/1000 | Train Loss: 0.7178 Acc: 0.7551 | Val Loss: 0.7580 Acc: 0.7500 | LR: 2.50e-04 | Time: 78.2s
Epoch 126/1000 | Train Loss: 0.7507 Acc: 0.7427 | Val Loss: 0.7482 Acc: 0.7516 | LR: 2.50e-04 | Time: 78.4s
  → Sauvegardé ! (Val Acc: 0.7516)
Epoch 127/1000 | Train Loss: 0.8126 Acc: 0.7384 | Val Loss: 0.8082 Acc: 0.7290 | LR: 2.50e-04 | Time: 76.0s
Epoch 128/1000 | Train Loss: 0.7308 Acc: 0.7613 | Val Loss: 0.7653 Acc: 0.7524 | LR: 2.50e-04 | Time: 76.0s
  → Sauvegardé ! (Val Acc: 0.7524)
Epoch 129/1000 | Train Loss: 0.7108 Acc: 0.7567 | Val Loss: 0.7491 Acc: 0.7568 | LR: 2.50e-04 | Time: 78.1s
  → Sauvegardé ! (Val Acc: 0.7568)
Epoch 130/1000 | Train Loss: 0.7500 Acc: 0.7531 | Val Loss: 0.8052 Acc: 0.7274 | LR: 2.50e-04 | Time: 76.1s
Epoch 131/1000 | Train Loss: 0.7512 Acc: 0.7453 | Val Loss: 0.7908 Acc: 0.7398 | LR: 2.50e-04 | Time: 76.2s
Epoch 132/1000 | Train Loss: 0.7591 Acc: 0.7485 | Val Loss: 0.7989 Acc: 0.7352 | LR: 2.50e-04 | Time: 76.2s
Epoch 133/1000 | Train Loss: 0.7491 Acc: 0.7505 | Val Loss: 0.8518 Acc: 0.7246 | LR: 2.50e-04 | Time: 76.1s
Epoch 134/1000 | Train Loss: 0.7245 Acc: 0.7576 | Val Loss: 0.7363 Acc: 0.7546 | LR: 2.50e-04 | Time: 76.2s
Epoch 135/1000 | Train Loss: 0.7157 Acc: 0.7643 | Val Loss: 0.7877 Acc: 0.7330 | LR: 2.50e-04 | Time: 76.2s
Epoch 136/1000 | Train Loss: 0.7296 Acc: 0.7577 | Val Loss: 0.7449 Acc: 0.7504 | LR: 2.50e-04 | Time: 76.1s
Epoch 137/1000 | Train Loss: 0.7775 Acc: 0.7357 | Val Loss: 0.7876 Acc: 0.7440 | LR: 2.50e-04 | Time: 76.2s
Epoch 138/1000 | Train Loss: 0.7200 Acc: 0.7602 | Val Loss: 0.7194 Acc: 0.7604 | LR: 2.50e-04 | Time: 76.2s
  → Sauvegardé ! (Val Acc: 0.7604)
Epoch 139/1000 | Train Loss: 0.7457 Acc: 0.7515 | Val Loss: 0.7315 Acc: 0.7542 | LR: 2.50e-04 | Time: 76.1s
Epoch 140/1000 | Train Loss: 0.7182 Acc: 0.7575 | Val Loss: 0.7335 Acc: 0.7600 | LR: 2.50e-04 | Time: 76.2s
Epoch 141/1000 | Train Loss: 0.7415 Acc: 0.7537 | Val Loss: 0.7261 Acc: 0.7582 | LR: 2.50e-04 | Time: 76.2s
Epoch 142/1000 | Train Loss: 0.7175 Acc: 0.7592 | Val Loss: 0.7210 Acc: 0.7658 | LR: 2.50e-04 | Time: 76.3s
  → Sauvegardé ! (Val Acc: 0.7658)
Epoch 143/1000 | Train Loss: 0.7461 Acc: 0.7469 | Val Loss: 0.7624 Acc: 0.7504 | LR: 2.50e-04 | Time: 76.3s
Epoch 144/1000 | Train Loss: 0.7303 Acc: 0.7666 | Val Loss: 0.7682 Acc: 0.7438 | LR: 2.50e-04 | Time: 78.2s
Epoch 145/1000 | Train Loss: 0.7087 Acc: 0.7602 | Val Loss: 0.7230 Acc: 0.7644 | LR: 2.50e-04 | Time: 78.2s
Epoch 146/1000 | Train Loss: 0.7682 Acc: 0.7433 | Val Loss: 0.7562 Acc: 0.7552 | LR: 2.50e-04 | Time: 76.6s
Epoch 147/1000 | Train Loss: 0.7256 Acc: 0.7564 | Val Loss: 0.7876 Acc: 0.7416 | LR: 2.50e-04 | Time: 76.5s
Epoch 148/1000 | Train Loss: 0.7172 Acc: 0.7613 | Val Loss: 0.7614 Acc: 0.7616 | LR: 2.50e-04 | Time: 76.4s
Epoch 149/1000 | Train Loss: 0.7288 Acc: 0.7623 | Val Loss: 0.7792 Acc: 0.7474 | LR: 2.50e-04 | Time: 76.2s
Epoch 150/1000 | Train Loss: 0.7336 Acc: 0.7553 | Val Loss: 0.7302 Acc: 0.7614 | LR: 2.50e-04 | Time: 76.2s
Epoch 151/1000 | Train Loss: 0.7295 Acc: 0.7568 | Val Loss: 0.7301 Acc: 0.7600 | LR: 2.50e-04 | Time: 76.2s
Epoch 152/1000 | Train Loss: 0.7039 Acc: 0.7695 | Val Loss: 0.7686 Acc: 0.7478 | LR: 2.50e-04 | Time: 76.2s
Epoch 153/1000 | Train Loss: 0.6932 Acc: 0.7650 | Val Loss: 0.6933 Acc: 0.7706 | LR: 2.50e-04 | Time: 77.4s
  → Sauvegardé ! (Val Acc: 0.7706)
Epoch 154/1000 | Train Loss: 0.6695 Acc: 0.7779 | Val Loss: 0.6863 Acc: 0.7684 | LR: 2.50e-04 | Time: 78.0s
Epoch 155/1000 | Train Loss: 0.6979 Acc: 0.7664 | Val Loss: 0.7347 Acc: 0.7696 | LR: 2.50e-04 | Time: 78.1s
Epoch 156/1000 | Train Loss: 0.7107 Acc: 0.7673 | Val Loss: 0.7996 Acc: 0.7328 | LR: 2.50e-04 | Time: 78.0s
Epoch 157/1000 | Train Loss: 0.7316 Acc: 0.7604 | Val Loss: 0.7232 Acc: 0.7604 | LR: 2.50e-04 | Time: 78.1s
Epoch 158/1000 | Train Loss: 0.7237 Acc: 0.7589 | Val Loss: 0.7322 Acc: 0.7632 | LR: 2.50e-04 | Time: 78.1s
Epoch 159/1000 | Train Loss: 0.7028 Acc: 0.7649 | Val Loss: 0.7351 Acc: 0.7640 | LR: 2.50e-04 | Time: 77.5s
Epoch 160/1000 | Train Loss: 0.6571 Acc: 0.7831 | Val Loss: 0.7591 Acc: 0.7490 | LR: 2.50e-04 | Time: 76.2s
Epoch 161/1000 | Train Loss: 0.6902 Acc: 0.7628 | Val Loss: 0.7529 Acc: 0.7520 | LR: 2.50e-04 | Time: 76.3s
Epoch 162/1000 | Train Loss: 0.6881 Acc: 0.7734 | Val Loss: 0.7839 Acc: 0.7490 | LR: 2.50e-04 | Time: 76.2s
Epoch 163/1000 | Train Loss: 0.6670 Acc: 0.7804 | Val Loss: 0.7370 Acc: 0.7570 | LR: 2.50e-04 | Time: 76.3s
Epoch 164/1000 | Train Loss: 0.6709 Acc: 0.7787 | Val Loss: 0.7767 Acc: 0.7390 | LR: 1.25e-04 | Time: 76.3s
Epoch 165/1000 | Train Loss: 0.6537 Acc: 0.7801 | Val Loss: 0.7083 Acc: 0.7674 | LR: 1.25e-04 | Time: 76.4s
Epoch 166/1000 | Train Loss: 0.6598 Acc: 0.7817 | Val Loss: 0.6487 Acc: 0.7942 | LR: 1.25e-04 | Time: 76.4s
  → Sauvegardé ! (Val Acc: 0.7942)
Epoch 167/1000 | Train Loss: 0.6492 Acc: 0.7860 | Val Loss: 0.6815 Acc: 0.7768 | LR: 1.25e-04 | Time: 76.2s
Epoch 168/1000 | Train Loss: 0.6099 Acc: 0.7977 | Val Loss: 0.6332 Acc: 0.7886 | LR: 1.25e-04 | Time: 76.4s
Epoch 169/1000 | Train Loss: 0.5935 Acc: 0.8034 | Val Loss: 0.6834 Acc: 0.7724 | LR: 1.25e-04 | Time: 76.3s
Epoch 170/1000 | Train Loss: 0.6302 Acc: 0.7979 | Val Loss: 0.6601 Acc: 0.7914 | LR: 1.25e-04 | Time: 76.2s
Epoch 171/1000 | Train Loss: 0.6535 Acc: 0.7846 | Val Loss: 0.6522 Acc: 0.7820 | LR: 1.25e-04 | Time: 76.2s
Epoch 172/1000 | Train Loss: 0.6226 Acc: 0.7966 | Val Loss: 0.7030 Acc: 0.7756 | LR: 1.25e-04 | Time: 76.2s
Epoch 173/1000 | Train Loss: 0.5882 Acc: 0.8081 | Val Loss: 0.6486 Acc: 0.7922 | LR: 1.25e-04 | Time: 76.3s
Epoch 174/1000 | Train Loss: 0.6117 Acc: 0.8029 | Val Loss: 0.6551 Acc: 0.7808 | LR: 1.25e-04 | Time: 76.3s
Epoch 175/1000 | Train Loss: 0.6158 Acc: 0.7948 | Val Loss: 0.7050 Acc: 0.7738 | LR: 1.25e-04 | Time: 76.3s
Epoch 176/1000 | Train Loss: 0.6189 Acc: 0.7996 | Val Loss: 0.6989 Acc: 0.7718 | LR: 1.25e-04 | Time: 76.2s
Epoch 177/1000 | Train Loss: 0.6441 Acc: 0.7922 | Val Loss: 0.6679 Acc: 0.7870 | LR: 6.25e-05 | Time: 77.2s
Epoch 178/1000 | Train Loss: 0.6027 Acc: 0.7992 | Val Loss: 0.6338 Acc: 0.7918 | LR: 6.25e-05 | Time: 78.1s
Epoch 179/1000 | Train Loss: 0.5977 Acc: 0.8004 | Val Loss: 0.6505 Acc: 0.7918 | LR: 6.25e-05 | Time: 78.0s
Epoch 180/1000 | Train Loss: 0.6315 Acc: 0.7921 | Val Loss: 0.6496 Acc: 0.7868 | LR: 6.25e-05 | Time: 76.3s
Epoch 181/1000 | Train Loss: 0.5976 Acc: 0.8111 | Val Loss: 0.6394 Acc: 0.7952 | LR: 6.25e-05 | Time: 76.3s
  → Sauvegardé ! (Val Acc: 0.7952)
Epoch 182/1000 | Train Loss: 0.5781 Acc: 0.8068 | Val Loss: 0.6414 Acc: 0.7928 | LR: 6.25e-05 | Time: 76.4s
Epoch 183/1000 | Train Loss: 0.5412 Acc: 0.8210 | Val Loss: 0.6244 Acc: 0.7954 | LR: 6.25e-05 | Time: 76.4s
  → Sauvegardé ! (Val Acc: 0.7954)
Epoch 184/1000 | Train Loss: 0.5971 Acc: 0.8007 | Val Loss: 0.6451 Acc: 0.7884 | LR: 6.25e-05 | Time: 76.4s
Epoch 185/1000 | Train Loss: 0.5636 Acc: 0.8162 | Val Loss: 0.6454 Acc: 0.7874 | LR: 6.25e-05 | Time: 76.3s
Epoch 186/1000 | Train Loss: 0.5949 Acc: 0.8049 | Val Loss: 0.6120 Acc: 0.7968 | LR: 6.25e-05 | Time: 76.4s
  → Sauvegardé ! (Val Acc: 0.7968)
Epoch 187/1000 | Train Loss: 0.5715 Acc: 0.8128 | Val Loss: 0.6670 Acc: 0.7860 | LR: 6.25e-05 | Time: 76.2s
Epoch 188/1000 | Train Loss: 0.5392 Acc: 0.8199 | Val Loss: 0.6132 Acc: 0.8082 | LR: 6.25e-05 | Time: 76.4s
  → Sauvegardé ! (Val Acc: 0.8082)
Epoch 189/1000 | Train Loss: 0.5860 Acc: 0.8054 | Val Loss: 0.6079 Acc: 0.8016 | LR: 6.25e-05 | Time: 76.1s
Epoch 190/1000 | Train Loss: 0.5306 Acc: 0.8233 | Val Loss: 0.6511 Acc: 0.7974 | LR: 6.25e-05 | Time: 76.2s
Epoch 191/1000 | Train Loss: 0.5532 Acc: 0.8181 | Val Loss: 0.6398 Acc: 0.7910 | LR: 6.25e-05 | Time: 76.2s
Epoch 192/1000 | Train Loss: 0.5922 Acc: 0.8146 | Val Loss: 0.6538 Acc: 0.7820 | LR: 6.25e-05 | Time: 76.2s
Epoch 193/1000 | Train Loss: 0.5824 Acc: 0.8116 | Val Loss: 0.5768 Acc: 0.8124 | LR: 6.25e-05 | Time: 76.3s
  → Sauvegardé ! (Val Acc: 0.8124)
Epoch 194/1000 | Train Loss: 0.5446 Acc: 0.8249 | Val Loss: 0.6322 Acc: 0.7986 | LR: 6.25e-05 | Time: 76.3s
Epoch 195/1000 | Train Loss: 0.5716 Acc: 0.8105 | Val Loss: 0.6463 Acc: 0.7980 | LR: 6.25e-05 | Time: 76.3s
Epoch 196/1000 | Train Loss: 0.5440 Acc: 0.8188 | Val Loss: 0.6082 Acc: 0.8104 | LR: 6.25e-05 | Time: 76.3s
Epoch 197/1000 | Train Loss: 0.5380 Acc: 0.8211 | Val Loss: 0.6111 Acc: 0.7992 | LR: 6.25e-05 | Time: 76.2s
Epoch 198/1000 | Train Loss: 0.5790 Acc: 0.8162 | Val Loss: 0.6611 Acc: 0.7836 | LR: 6.25e-05 | Time: 76.3s
Epoch 199/1000 | Train Loss: 0.5600 Acc: 0.8213 | Val Loss: 0.6147 Acc: 0.8028 | LR: 6.25e-05 | Time: 76.3s
Epoch 200/1000 | Train Loss: 0.5714 Acc: 0.8172 | Val Loss: 0.6514 Acc: 0.7878 | LR: 6.25e-05 | Time: 76.2s
Epoch 201/1000 | Train Loss: 0.5671 Acc: 0.8141 | Val Loss: 0.6027 Acc: 0.8020 | LR: 6.25e-05 | Time: 76.3s
Epoch 202/1000 | Train Loss: 0.5942 Acc: 0.7992 | Val Loss: 0.6115 Acc: 0.8030 | LR: 6.25e-05 | Time: 76.3s
Epoch 203/1000 | Train Loss: 0.5850 Acc: 0.8065 | Val Loss: 0.5993 Acc: 0.8060 | LR: 6.25e-05 | Time: 76.3s
Epoch 204/1000 | Train Loss: 0.5459 Acc: 0.8202 | Val Loss: 0.6401 Acc: 0.7984 | LR: 3.13e-05 | Time: 76.3s
Epoch 205/1000 | Train Loss: 0.5683 Acc: 0.8158 | Val Loss: 0.5925 Acc: 0.8104 | LR: 3.13e-05 | Time: 76.3s
Epoch 206/1000 | Train Loss: 0.5109 Acc: 0.8317 | Val Loss: 0.6306 Acc: 0.7978 | LR: 3.13e-05 | Time: 76.1s
Epoch 207/1000 | Train Loss: 0.5112 Acc: 0.8333 | Val Loss: 0.5836 Acc: 0.8128 | LR: 3.13e-05 | Time: 76.4s
  → Sauvegardé ! (Val Acc: 0.8128)
Epoch 208/1000 | Train Loss: 0.5578 Acc: 0.8204 | Val Loss: 0.6263 Acc: 0.7982 | LR: 3.13e-05 | Time: 76.5s
Epoch 209/1000 | Train Loss: 0.5631 Acc: 0.8159 | Val Loss: 0.6685 Acc: 0.7950 | LR: 3.13e-05 | Time: 76.3s
Epoch 210/1000 | Train Loss: 0.5627 Acc: 0.8140 | Val Loss: 0.6170 Acc: 0.7930 | LR: 3.13e-05 | Time: 76.4s
Epoch 211/1000 | Train Loss: 0.5572 Acc: 0.8140 | Val Loss: 0.5867 Acc: 0.8194 | LR: 3.13e-05 | Time: 76.5s
  → Sauvegardé ! (Val Acc: 0.8194)
Epoch 212/1000 | Train Loss: 0.5407 Acc: 0.8232 | Val Loss: 0.6056 Acc: 0.8102 | LR: 3.13e-05 | Time: 78.2s
Epoch 213/1000 | Train Loss: 0.4985 Acc: 0.8342 | Val Loss: 0.6239 Acc: 0.8028 | LR: 3.13e-05 | Time: 78.2s
Epoch 214/1000 | Train Loss: 0.5509 Acc: 0.8233 | Val Loss: 0.6143 Acc: 0.8048 | LR: 3.13e-05 | Time: 78.2s
Epoch 215/1000 | Train Loss: 0.5081 Acc: 0.8370 | Val Loss: 0.6104 Acc: 0.8034 | LR: 3.13e-05 | Time: 78.1s
Epoch 216/1000 | Train Loss: 0.5478 Acc: 0.8252 | Val Loss: 0.5949 Acc: 0.8112 | LR: 3.13e-05 | Time: 78.1s
Epoch 217/1000 | Train Loss: 0.5592 Acc: 0.8147 | Val Loss: 0.5761 Acc: 0.8176 | LR: 3.13e-05 | Time: 78.2s
Epoch 218/1000 | Train Loss: 0.5002 Acc: 0.8338 | Val Loss: 0.5688 Acc: 0.8096 | LR: 3.13e-05 | Time: 78.1s
Epoch 219/1000 | Train Loss: 0.5482 Acc: 0.8145 | Val Loss: 0.6323 Acc: 0.7942 | LR: 3.13e-05 | Time: 78.2s
Epoch 220/1000 | Train Loss: 0.5689 Acc: 0.8150 | Val Loss: 0.5523 Acc: 0.8178 | LR: 3.13e-05 | Time: 78.2s
Epoch 221/1000 | Train Loss: 0.5835 Acc: 0.8073 | Val Loss: 0.6325 Acc: 0.7862 | LR: 3.13e-05 | Time: 78.2s
Epoch 222/1000 | Train Loss: 0.5389 Acc: 0.8208 | Val Loss: 0.6012 Acc: 0.8046 | LR: 1.56e-05 | Time: 78.2s
Epoch 223/1000 | Train Loss: 0.5194 Acc: 0.8248 | Val Loss: 0.6308 Acc: 0.8014 | LR: 1.56e-05 | Time: 78.3s
Epoch 224/1000 | Train Loss: 0.5097 Acc: 0.8316 | Val Loss: 0.6232 Acc: 0.7926 | LR: 1.56e-05 | Time: 78.2s
Epoch 225/1000 | Train Loss: 0.5297 Acc: 0.8322 | Val Loss: 0.5746 Acc: 0.8122 | LR: 1.56e-05 | Time: 76.9s
Epoch 226/1000 | Train Loss: 0.5211 Acc: 0.8292 | Val Loss: 0.5686 Acc: 0.8224 | LR: 1.56e-05 | Time: 76.4s
  → Sauvegardé ! (Val Acc: 0.8224)
Epoch 227/1000 | Train Loss: 0.5078 Acc: 0.8369 | Val Loss: 0.5768 Acc: 0.8142 | LR: 1.56e-05 | Time: 76.2s
Epoch 228/1000 | Train Loss: 0.5200 Acc: 0.8317 | Val Loss: 0.6128 Acc: 0.8130 | LR: 1.56e-05 | Time: 76.3s
Epoch 229/1000 | Train Loss: 0.5068 Acc: 0.8379 | Val Loss: 0.5621 Acc: 0.8196 | LR: 1.56e-05 | Time: 76.3s
Epoch 230/1000 | Train Loss: 0.4915 Acc: 0.8371 | Val Loss: 0.5974 Acc: 0.8084 | LR: 1.56e-05 | Time: 77.9s
Epoch 231/1000 | Train Loss: 0.4990 Acc: 0.8370 | Val Loss: 0.5820 Acc: 0.8128 | LR: 1.56e-05 | Time: 78.3s
Epoch 232/1000 | Train Loss: 0.5124 Acc: 0.8319 | Val Loss: 0.5478 Acc: 0.8198 | LR: 1.56e-05 | Time: 78.2s
Epoch 233/1000 | Train Loss: 0.5364 Acc: 0.8302 | Val Loss: 0.5931 Acc: 0.8096 | LR: 1.56e-05 | Time: 78.2s
Epoch 234/1000 | Train Loss: 0.5707 Acc: 0.8168 | Val Loss: 0.6036 Acc: 0.8034 | LR: 1.56e-05 | Time: 78.1s
Epoch 235/1000 | Train Loss: 0.5548 Acc: 0.8244 | Val Loss: 0.5649 Acc: 0.8218 | LR: 1.56e-05 | Time: 78.1s
Epoch 236/1000 | Train Loss: 0.5434 Acc: 0.8212 | Val Loss: 0.5547 Acc: 0.8290 | LR: 1.56e-05 | Time: 78.2s
  → Sauvegardé ! (Val Acc: 0.8290)
Epoch 237/1000 | Train Loss: 0.5070 Acc: 0.8310 | Val Loss: 0.6133 Acc: 0.8044 | LR: 1.56e-05 | Time: 76.3s
Epoch 238/1000 | Train Loss: 0.4920 Acc: 0.8432 | Val Loss: 0.5854 Acc: 0.8114 | LR: 1.56e-05 | Time: 78.1s
Epoch 239/1000 | Train Loss: 0.5496 Acc: 0.8190 | Val Loss: 0.5827 Acc: 0.8162 | LR: 1.56e-05 | Time: 78.2s
Epoch 240/1000 | Train Loss: 0.5350 Acc: 0.8300 | Val Loss: 0.5847 Acc: 0.8158 | LR: 1.56e-05 | Time: 78.3s
Epoch 241/1000 | Train Loss: 0.5140 Acc: 0.8395 | Val Loss: 0.5825 Acc: 0.8198 | LR: 1.56e-05 | Time: 78.2s
Epoch 242/1000 | Train Loss: 0.5388 Acc: 0.8273 | Val Loss: 0.5938 Acc: 0.8106 | LR: 1.56e-05 | Time: 78.1s
Epoch 243/1000 | Train Loss: 0.4937 Acc: 0.8422 | Val Loss: 0.5859 Acc: 0.8134 | LR: 1.56e-05 | Time: 78.1s
Epoch 244/1000 | Train Loss: 0.5274 Acc: 0.8300 | Val Loss: 0.5856 Acc: 0.8164 | LR: 1.56e-05 | Time: 78.2s
Epoch 245/1000 | Train Loss: 0.5226 Acc: 0.8273 | Val Loss: 0.5791 Acc: 0.8124 | LR: 1.56e-05 | Time: 78.2s
Epoch 246/1000 | Train Loss: 0.5222 Acc: 0.8320 | Val Loss: 0.5701 Acc: 0.8248 | LR: 1.56e-05 | Time: 78.3s
Epoch 247/1000 | Train Loss: 0.5338 Acc: 0.8293 | Val Loss: 0.5643 Acc: 0.8178 | LR: 7.81e-06 | Time: 78.3s
Epoch 248/1000 | Train Loss: 0.5038 Acc: 0.8406 | Val Loss: 0.5989 Acc: 0.8056 | LR: 7.81e-06 | Time: 77.7s
Epoch 249/1000 | Train Loss: 0.4767 Acc: 0.8425 | Val Loss: 0.6103 Acc: 0.8092 | LR: 7.81e-06 | Time: 76.3s
Epoch 250/1000 | Train Loss: 0.5107 Acc: 0.8331 | Val Loss: 0.5769 Acc: 0.8134 | LR: 7.81e-06 | Time: 76.3s
Epoch 251/1000 | Train Loss: 0.4936 Acc: 0.8357 | Val Loss: 0.5765 Acc: 0.8196 | LR: 7.81e-06 | Time: 76.3s
Epoch 252/1000 | Train Loss: 0.5027 Acc: 0.8364 | Val Loss: 0.5733 Acc: 0.8152 | LR: 7.81e-06 | Time: 76.5s
Epoch 253/1000 | Train Loss: 0.5409 Acc: 0.8238 | Val Loss: 0.6191 Acc: 0.8108 | LR: 7.81e-06 | Time: 76.3s
Epoch 254/1000 | Train Loss: 0.5225 Acc: 0.8280 | Val Loss: 0.6194 Acc: 0.8066 | LR: 7.81e-06 | Time: 76.3s
Epoch 255/1000 | Train Loss: 0.5260 Acc: 0.8270 | Val Loss: 0.5649 Acc: 0.8146 | LR: 7.81e-06 | Time: 76.3s
Epoch 256/1000 | Train Loss: 0.5077 Acc: 0.8298 | Val Loss: 0.5269 Acc: 0.8278 | LR: 7.81e-06 | Time: 76.3s
Epoch 257/1000 | Train Loss: 0.4897 Acc: 0.8457 | Val Loss: 0.5757 Acc: 0.8166 | LR: 7.81e-06 | Time: 76.3s
Epoch 258/1000 | Train Loss: 0.5113 Acc: 0.8336 | Val Loss: 0.5550 Acc: 0.8266 | LR: 3.91e-06 | Time: 76.3s
Epoch 259/1000 | Train Loss: 0.5115 Acc: 0.8389 | Val Loss: 0.5683 Acc: 0.8184 | LR: 3.91e-06 | Time: 76.2s
Epoch 260/1000 | Train Loss: 0.5014 Acc: 0.8364 | Val Loss: 0.6463 Acc: 0.7978 | LR: 3.91e-06 | Time: 76.4s
Epoch 261/1000 | Train Loss: 0.5078 Acc: 0.8374 | Val Loss: 0.5949 Acc: 0.8100 | LR: 3.91e-06 | Time: 76.5s

Early stopping à l'époque 261

============================================================
ÉVALUATION FINALE
============================================================
Meilleur modèle : époque 236, val_acc: 0.8290

Test 1-shot 10-way :
  Accuracy : 0.8212 (82.12%)
