============================================================
ENTRAÎNEMENT
  Backbone            : resnet18
  Setup               : 1-shot 25-way
  Queries par classe  : 10
  Épisodes/époque     : 400 (~100 par GPU)
  Époques max         : 300
============================================================
Epoch   1/300 | Train Loss: 4.1199 Acc: 0.2255 | Val Loss: 2.4148 Acc: 0.3544 | LR: 1.00e-02 | Time: 72.2s
  → Sauvegardé ! (Val Acc: 0.3544)
Epoch   2/300 | Train Loss: 2.8410 Acc: 0.3994 | Val Loss: 2.0375 Acc: 0.4536 | LR: 1.00e-02 | Time: 70.4s
  → Sauvegardé ! (Val Acc: 0.4536)
Epoch   3/300 | Train Loss: 2.3865 Acc: 0.4649 | Val Loss: 1.9082 Acc: 0.4974 | LR: 1.00e-02 | Time: 70.4s
  → Sauvegardé ! (Val Acc: 0.4974)
Epoch   4/300 | Train Loss: 2.0722 Acc: 0.5103 | Val Loss: 1.7223 Acc: 0.5290 | LR: 1.00e-02 | Time: 70.6s
  → Sauvegardé ! (Val Acc: 0.5290)
Epoch   5/300 | Train Loss: 1.8991 Acc: 0.5430 | Val Loss: 1.6448 Acc: 0.5622 | LR: 9.99e-03 | Time: 70.7s
  → Sauvegardé ! (Val Acc: 0.5622)
Epoch   6/300 | Train Loss: 1.7342 Acc: 0.5736 | Val Loss: 1.5160 Acc: 0.5922 | LR: 9.99e-03 | Time: 70.6s
  → Sauvegardé ! (Val Acc: 0.5922)
Epoch   7/300 | Train Loss: 1.6067 Acc: 0.5964 | Val Loss: 1.4415 Acc: 0.6042 | LR: 9.99e-03 | Time: 70.7s
  → Sauvegardé ! (Val Acc: 0.6042)
Epoch   8/300 | Train Loss: 1.5296 Acc: 0.6081 | Val Loss: 1.3783 Acc: 0.6218 | LR: 9.98e-03 | Time: 70.6s
  → Sauvegardé ! (Val Acc: 0.6218)
Epoch   9/300 | Train Loss: 1.4590 Acc: 0.6224 | Val Loss: 1.3322 Acc: 0.6401 | LR: 9.98e-03 | Time: 70.7s
  → Sauvegardé ! (Val Acc: 0.6401)
Epoch  10/300 | Train Loss: 1.3670 Acc: 0.6408 | Val Loss: 1.3342 Acc: 0.6411 | LR: 9.97e-03 | Time: 70.7s
  → Sauvegardé ! (Val Acc: 0.6411)
Epoch  11/300 | Train Loss: 1.3273 Acc: 0.6521 | Val Loss: 1.2862 Acc: 0.6506 | LR: 9.97e-03 | Time: 70.8s
  → Sauvegardé ! (Val Acc: 0.6506)
Epoch  12/300 | Train Loss: 1.2690 Acc: 0.6613 | Val Loss: 1.2077 Acc: 0.6706 | LR: 9.96e-03 | Time: 70.7s
  → Sauvegardé ! (Val Acc: 0.6706)
Epoch  13/300 | Train Loss: 1.2418 Acc: 0.6689 | Val Loss: 1.1935 Acc: 0.6773 | LR: 9.95e-03 | Time: 70.7s
  → Sauvegardé ! (Val Acc: 0.6773)
Epoch  14/300 | Train Loss: 1.1914 Acc: 0.6792 | Val Loss: 1.1587 Acc: 0.6852 | LR: 9.95e-03 | Time: 70.6s
  → Sauvegardé ! (Val Acc: 0.6852)
Epoch  15/300 | Train Loss: 1.1440 Acc: 0.6896 | Val Loss: 1.1445 Acc: 0.6903 | LR: 9.94e-03 | Time: 70.8s
  → Sauvegardé ! (Val Acc: 0.6903)
Epoch  16/300 | Train Loss: 1.1109 Acc: 0.6970 | Val Loss: 1.1566 Acc: 0.6863 | LR: 9.93e-03 | Time: 70.7s
Epoch  17/300 | Train Loss: 1.0922 Acc: 0.6994 | Val Loss: 1.0738 Acc: 0.7013 | LR: 9.92e-03 | Time: 70.8s
  → Sauvegardé ! (Val Acc: 0.7013)
Epoch  18/300 | Train Loss: 1.0642 Acc: 0.7093 | Val Loss: 1.0531 Acc: 0.7155 | LR: 9.91e-03 | Time: 70.8s
  → Sauvegardé ! (Val Acc: 0.7155)
Epoch  19/300 | Train Loss: 1.0263 Acc: 0.7168 | Val Loss: 1.0892 Acc: 0.6970 | LR: 9.90e-03 | Time: 70.6s
Epoch  20/300 | Train Loss: 1.0008 Acc: 0.7227 | Val Loss: 1.0488 Acc: 0.7165 | LR: 9.89e-03 | Time: 70.8s
  → Sauvegardé ! (Val Acc: 0.7165)
Epoch  21/300 | Train Loss: 0.9804 Acc: 0.7275 | Val Loss: 1.0324 Acc: 0.7159 | LR: 9.88e-03 | Time: 70.6s
Epoch  22/300 | Train Loss: 0.9795 Acc: 0.7276 | Val Loss: 1.0379 Acc: 0.7151 | LR: 9.87e-03 | Time: 70.6s
Epoch  23/300 | Train Loss: 0.9612 Acc: 0.7312 | Val Loss: 0.9818 Acc: 0.7246 | LR: 9.86e-03 | Time: 70.7s
  → Sauvegardé ! (Val Acc: 0.7246)
Epoch  24/300 | Train Loss: 0.9171 Acc: 0.7400 | Val Loss: 0.9715 Acc: 0.7330 | LR: 9.84e-03 | Time: 70.9s
  → Sauvegardé ! (Val Acc: 0.7330)
Epoch  25/300 | Train Loss: 0.9039 Acc: 0.7440 | Val Loss: 0.9621 Acc: 0.7348 | LR: 9.83e-03 | Time: 70.8s
  → Sauvegardé ! (Val Acc: 0.7348)
Epoch  26/300 | Train Loss: 0.9046 Acc: 0.7468 | Val Loss: 0.9649 Acc: 0.7366 | LR: 9.82e-03 | Time: 70.9s
  → Sauvegardé ! (Val Acc: 0.7366)
Epoch  27/300 | Train Loss: 0.8761 Acc: 0.7523 | Val Loss: 0.9233 Acc: 0.7456 | LR: 9.80e-03 | Time: 70.6s
  → Sauvegardé ! (Val Acc: 0.7456)
Epoch  28/300 | Train Loss: 0.8859 Acc: 0.7501 | Val Loss: 0.9004 Acc: 0.7500 | LR: 9.79e-03 | Time: 70.7s
  → Sauvegardé ! (Val Acc: 0.7500)
Epoch  29/300 | Train Loss: 0.8526 Acc: 0.7594 | Val Loss: 0.8980 Acc: 0.7542 | LR: 9.77e-03 | Time: 70.7s
  → Sauvegardé ! (Val Acc: 0.7542)
Epoch  30/300 | Train Loss: 0.8236 Acc: 0.7653 | Val Loss: 0.9149 Acc: 0.7480 | LR: 9.76e-03 | Time: 70.9s
Epoch  31/300 | Train Loss: 0.8236 Acc: 0.7665 | Val Loss: 0.8904 Acc: 0.7566 | LR: 9.74e-03 | Time: 70.7s
  → Sauvegardé ! (Val Acc: 0.7566)
Epoch  32/300 | Train Loss: 0.8222 Acc: 0.7667 | Val Loss: 0.8896 Acc: 0.7549 | LR: 9.72e-03 | Time: 70.9s
Epoch  33/300 | Train Loss: 0.8032 Acc: 0.7710 | Val Loss: 0.9004 Acc: 0.7544 | LR: 9.70e-03 | Time: 70.8s
Epoch  34/300 | Train Loss: 0.7933 Acc: 0.7746 | Val Loss: 0.8762 Acc: 0.7587 | LR: 9.69e-03 | Time: 70.8s
  → Sauvegardé ! (Val Acc: 0.7587)
Epoch  35/300 | Train Loss: 0.7818 Acc: 0.7770 | Val Loss: 0.8573 Acc: 0.7636 | LR: 9.67e-03 | Time: 70.7s
  → Sauvegardé ! (Val Acc: 0.7636)
Epoch  36/300 | Train Loss: 0.7682 Acc: 0.7813 | Val Loss: 0.8881 Acc: 0.7584 | LR: 9.65e-03 | Time: 70.8s
Epoch  37/300 | Train Loss: 0.7609 Acc: 0.7856 | Val Loss: 0.8637 Acc: 0.7636 | LR: 9.63e-03 | Time: 70.8s
  → Sauvegardé ! (Val Acc: 0.7636)
Epoch  38/300 | Train Loss: 0.7611 Acc: 0.7847 | Val Loss: 0.8814 Acc: 0.7613 | LR: 9.61e-03 | Time: 70.7s
Epoch  39/300 | Train Loss: 0.7579 Acc: 0.7857 | Val Loss: 0.8466 Acc: 0.7664 | LR: 9.59e-03 | Time: 70.7s
  → Sauvegardé ! (Val Acc: 0.7664)
Epoch  40/300 | Train Loss: 0.7462 Acc: 0.7875 | Val Loss: 0.8573 Acc: 0.7673 | LR: 9.57e-03 | Time: 70.7s
  → Sauvegardé ! (Val Acc: 0.7673)
Epoch  41/300 | Train Loss: 0.7350 Acc: 0.7908 | Val Loss: 0.8565 Acc: 0.7670 | LR: 9.55e-03 | Time: 70.7s
Epoch  42/300 | Train Loss: 0.7388 Acc: 0.7889 | Val Loss: 0.8452 Acc: 0.7702 | LR: 9.52e-03 | Time: 70.9s
  → Sauvegardé ! (Val Acc: 0.7702)
Epoch  43/300 | Train Loss: 0.7310 Acc: 0.7918 | Val Loss: 0.8299 Acc: 0.7735 | LR: 9.50e-03 | Time: 70.9s
  → Sauvegardé ! (Val Acc: 0.7735)
Epoch  44/300 | Train Loss: 0.7344 Acc: 0.7901 | Val Loss: 0.8375 Acc: 0.7729 | LR: 9.48e-03 | Time: 70.9s
Epoch  45/300 | Train Loss: 0.7215 Acc: 0.7956 | Val Loss: 0.8384 Acc: 0.7716 | LR: 9.46e-03 | Time: 70.6s
Epoch  46/300 | Train Loss: 0.7090 Acc: 0.7974 | Val Loss: 0.8030 Acc: 0.7799 | LR: 9.43e-03 | Time: 70.8s
  → Sauvegardé ! (Val Acc: 0.7799)
Epoch  47/300 | Train Loss: 0.7050 Acc: 0.7995 | Val Loss: 0.8170 Acc: 0.7751 | LR: 9.41e-03 | Time: 70.7s
Epoch  48/300 | Train Loss: 0.6998 Acc: 0.8020 | Val Loss: 0.8394 Acc: 0.7708 | LR: 9.38e-03 | Time: 70.8s
Epoch  49/300 | Train Loss: 0.6934 Acc: 0.8045 | Val Loss: 0.8309 Acc: 0.7774 | LR: 9.36e-03 | Time: 70.7s
Epoch  50/300 | Train Loss: 0.6885 Acc: 0.8042 | Val Loss: 0.8231 Acc: 0.7768 | LR: 9.33e-03 | Time: 70.7s
Epoch  51/300 | Train Loss: 0.6774 Acc: 0.8062 | Val Loss: 0.8353 Acc: 0.7767 | LR: 9.30e-03 | Time: 70.6s
Epoch  52/300 | Train Loss: 0.6665 Acc: 0.8096 | Val Loss: 0.8075 Acc: 0.7817 | LR: 9.28e-03 | Time: 71.0s
  → Sauvegardé ! (Val Acc: 0.7817)
Epoch  53/300 | Train Loss: 0.6750 Acc: 0.8082 | Val Loss: 0.7943 Acc: 0.7856 | LR: 9.25e-03 | Time: 70.9s
  → Sauvegardé ! (Val Acc: 0.7856)
Epoch  54/300 | Train Loss: 0.6731 Acc: 0.8091 | Val Loss: 0.8081 Acc: 0.7795 | LR: 9.22e-03 | Time: 70.8s
Epoch  55/300 | Train Loss: 0.6641 Acc: 0.8130 | Val Loss: 0.7984 Acc: 0.7846 | LR: 9.19e-03 | Time: 70.8s
Epoch  56/300 | Train Loss: 0.6586 Acc: 0.8132 | Val Loss: 0.8059 Acc: 0.7825 | LR: 9.16e-03 | Time: 70.7s
Epoch  57/300 | Train Loss: 0.6272 Acc: 0.8210 | Val Loss: 0.7941 Acc: 0.7858 | LR: 9.14e-03 | Time: 70.8s
  → Sauvegardé ! (Val Acc: 0.7858)
Epoch  58/300 | Train Loss: 0.6631 Acc: 0.8129 | Val Loss: 0.7924 Acc: 0.7851 | LR: 9.11e-03 | Time: 70.9s
Epoch  59/300 | Train Loss: 0.6381 Acc: 0.8194 | Val Loss: 0.7697 Acc: 0.7904 | LR: 9.08e-03 | Time: 70.8s
  → Sauvegardé ! (Val Acc: 0.7904)
Epoch  60/300 | Train Loss: 0.6376 Acc: 0.8196 | Val Loss: 0.7830 Acc: 0.7875 | LR: 9.05e-03 | Time: 70.7s
Epoch  61/300 | Train Loss: 0.6377 Acc: 0.8191 | Val Loss: 0.7912 Acc: 0.7852 | LR: 9.01e-03 | Time: 70.7s
Epoch  62/300 | Train Loss: 0.6292 Acc: 0.8232 | Val Loss: 0.7974 Acc: 0.7858 | LR: 8.98e-03 | Time: 70.7s
Epoch  63/300 | Train Loss: 0.6266 Acc: 0.8202 | Val Loss: 0.8011 Acc: 0.7847 | LR: 8.95e-03 | Time: 70.8s
Epoch  64/300 | Train Loss: 0.6409 Acc: 0.8198 | Val Loss: 0.7746 Acc: 0.7919 | LR: 8.92e-03 | Time: 70.8s
  → Sauvegardé ! (Val Acc: 0.7919)
Epoch  65/300 | Train Loss: 0.6231 Acc: 0.8241 | Val Loss: 0.7787 Acc: 0.7892 | LR: 8.89e-03 | Time: 70.7s
Epoch  66/300 | Train Loss: 0.6230 Acc: 0.8220 | Val Loss: 0.7689 Acc: 0.7911 | LR: 8.85e-03 | Time: 70.7s
Epoch  67/300 | Train Loss: 0.6045 Acc: 0.8294 | Val Loss: 0.7671 Acc: 0.7922 | LR: 8.82e-03 | Time: 70.7s
  → Sauvegardé ! (Val Acc: 0.7922)
Epoch  68/300 | Train Loss: 0.6136 Acc: 0.8254 | Val Loss: 0.7837 Acc: 0.7873 | LR: 8.79e-03 | Time: 70.8s
Epoch  69/300 | Train Loss: 0.5975 Acc: 0.8298 | Val Loss: 0.7665 Acc: 0.7945 | LR: 8.75e-03 | Time: 71.1s
  → Sauvegardé ! (Val Acc: 0.7945)
Epoch  70/300 | Train Loss: 0.5834 Acc: 0.8321 | Val Loss: 0.7519 Acc: 0.7982 | LR: 8.72e-03 | Time: 70.7s
  → Sauvegardé ! (Val Acc: 0.7982)
Epoch  71/300 | Train Loss: 0.6071 Acc: 0.8292 | Val Loss: 0.7530 Acc: 0.7965 | LR: 8.68e-03 | Time: 70.6s
Epoch  72/300 | Train Loss: 0.6023 Acc: 0.8289 | Val Loss: 0.7883 Acc: 0.7898 | LR: 8.64e-03 | Time: 70.7s
Epoch  73/300 | Train Loss: 0.5977 Acc: 0.8294 | Val Loss: 0.7547 Acc: 0.7976 | LR: 8.61e-03 | Time: 70.9s
Epoch  74/300 | Train Loss: 0.6010 Acc: 0.8303 | Val Loss: 0.7476 Acc: 0.8007 | LR: 8.57e-03 | Time: 70.8s
  → Sauvegardé ! (Val Acc: 0.8007)
Epoch  75/300 | Train Loss: 0.5760 Acc: 0.8357 | Val Loss: 0.7917 Acc: 0.7889 | LR: 8.54e-03 | Time: 70.7s
Epoch  76/300 | Train Loss: 0.5813 Acc: 0.8366 | Val Loss: 0.7479 Acc: 0.8014 | LR: 8.50e-03 | Time: 70.8s
  → Sauvegardé ! (Val Acc: 0.8014)
Epoch  77/300 | Train Loss: 0.5803 Acc: 0.8356 | Val Loss: 0.7611 Acc: 0.7954 | LR: 8.46e-03 | Time: 70.8s
Epoch  78/300 | Train Loss: 0.5673 Acc: 0.8377 | Val Loss: 0.7523 Acc: 0.7969 | LR: 8.42e-03 | Time: 70.9s
Epoch  79/300 | Train Loss: 0.5724 Acc: 0.8377 | Val Loss: 0.7465 Acc: 0.7990 | LR: 8.38e-03 | Time: 70.7s
Epoch  80/300 | Train Loss: 0.5773 Acc: 0.8356 | Val Loss: 0.7791 Acc: 0.7958 | LR: 8.35e-03 | Time: 70.8s
Epoch  81/300 | Train Loss: 0.5593 Acc: 0.8407 | Val Loss: 0.7654 Acc: 0.7953 | LR: 8.31e-03 | Time: 70.7s
Epoch  82/300 | Train Loss: 0.5640 Acc: 0.8392 | Val Loss: 0.7533 Acc: 0.8003 | LR: 8.27e-03 | Time: 70.7s
Epoch  83/300 | Train Loss: 0.5504 Acc: 0.8433 | Val Loss: 0.7359 Acc: 0.8028 | LR: 8.23e-03 | Time: 70.7s
  → Sauvegardé ! (Val Acc: 0.8028)
Epoch  84/300 | Train Loss: 0.5553 Acc: 0.8403 | Val Loss: 0.7825 Acc: 0.7930 | LR: 8.19e-03 | Time: 70.8s
Epoch  85/300 | Train Loss: 0.5566 Acc: 0.8410 | Val Loss: 0.7439 Acc: 0.8013 | LR: 8.15e-03 | Time: 70.7s
Epoch  86/300 | Train Loss: 0.5564 Acc: 0.8420 | Val Loss: 0.7562 Acc: 0.7978 | LR: 8.11e-03 | Time: 70.8s
Epoch  87/300 | Train Loss: 0.5450 Acc: 0.8447 | Val Loss: 0.7440 Acc: 0.7988 | LR: 8.06e-03 | Time: 70.8s
Epoch  88/300 | Train Loss: 0.5325 Acc: 0.8486 | Val Loss: 0.7495 Acc: 0.7996 | LR: 8.02e-03 | Time: 70.6s
Epoch  89/300 | Train Loss: 0.5319 Acc: 0.8475 | Val Loss: 0.7577 Acc: 0.7982 | LR: 7.98e-03 | Time: 70.5s
Epoch  90/300 | Train Loss: 0.5491 Acc: 0.8428 | Val Loss: 0.7603 Acc: 0.7967 | LR: 7.94e-03 | Time: 70.6s
Epoch  91/300 | Train Loss: 0.5327 Acc: 0.8469 | Val Loss: 0.7586 Acc: 0.8001 | LR: 7.90e-03 | Time: 70.7s
Epoch  92/300 | Train Loss: 0.5264 Acc: 0.8494 | Val Loss: 0.7337 Acc: 0.8056 | LR: 7.85e-03 | Time: 70.9s
  → Sauvegardé ! (Val Acc: 0.8056)
Epoch  93/300 | Train Loss: 0.5216 Acc: 0.8507 | Val Loss: 0.7442 Acc: 0.8008 | LR: 7.81e-03 | Time: 70.9s
Epoch  94/300 | Train Loss: 0.5215 Acc: 0.8516 | Val Loss: 0.7511 Acc: 0.8012 | LR: 7.77e-03 | Time: 70.7s
Epoch  95/300 | Train Loss: 0.5395 Acc: 0.8481 | Val Loss: 0.7291 Acc: 0.8056 | LR: 7.72e-03 | Time: 71.0s
  → Sauvegardé ! (Val Acc: 0.8056)
Epoch  96/300 | Train Loss: 0.5213 Acc: 0.8510 | Val Loss: 0.7469 Acc: 0.8009 | LR: 7.68e-03 | Time: 70.7s
Epoch  97/300 | Train Loss: 0.5036 Acc: 0.8572 | Val Loss: 0.7418 Acc: 0.8034 | LR: 7.64e-03 | Time: 70.6s
Epoch  98/300 | Train Loss: 0.5039 Acc: 0.8564 | Val Loss: 0.7344 Acc: 0.8033 | LR: 7.59e-03 | Time: 70.7s
Epoch  99/300 | Train Loss: 0.5108 Acc: 0.8529 | Val Loss: 0.7319 Acc: 0.8062 | LR: 7.55e-03 | Time: 70.7s
  → Sauvegardé ! (Val Acc: 0.8062)
Epoch 100/300 | Train Loss: 0.5015 Acc: 0.8566 | Val Loss: 0.7526 Acc: 0.8002 | LR: 7.50e-03 | Time: 70.7s
Epoch 101/300 | Train Loss: 0.5037 Acc: 0.8559 | Val Loss: 0.7474 Acc: 0.8027 | LR: 7.45e-03 | Time: 70.6s
Epoch 102/300 | Train Loss: 0.5070 Acc: 0.8551 | Val Loss: 0.7275 Acc: 0.8074 | LR: 7.41e-03 | Time: 70.7s
  → Sauvegardé ! (Val Acc: 0.8074)
Epoch 103/300 | Train Loss: 0.4927 Acc: 0.8584 | Val Loss: 0.7336 Acc: 0.8062 | LR: 7.36e-03 | Time: 70.7s
Epoch 104/300 | Train Loss: 0.4983 Acc: 0.8565 | Val Loss: 0.7334 Acc: 0.8025 | LR: 7.32e-03 | Time: 70.7s
Epoch 105/300 | Train Loss: 0.4755 Acc: 0.8634 | Val Loss: 0.7781 Acc: 0.7951 | LR: 7.27e-03 | Time: 70.6s
Epoch 106/300 | Train Loss: 0.4854 Acc: 0.8608 | Val Loss: 0.7372 Acc: 0.8081 | LR: 7.22e-03 | Time: 70.8s
  → Sauvegardé ! (Val Acc: 0.8081)
Epoch 107/300 | Train Loss: 0.4854 Acc: 0.8616 | Val Loss: 0.7482 Acc: 0.8028 | LR: 7.18e-03 | Time: 70.8s
Epoch 108/300 | Train Loss: 0.4955 Acc: 0.8588 | Val Loss: 0.7342 Acc: 0.8058 | LR: 7.13e-03 | Time: 70.7s
Epoch 109/300 | Train Loss: 0.4871 Acc: 0.8602 | Val Loss: 0.7434 Acc: 0.8053 | LR: 7.08e-03 | Time: 70.8s
Epoch 110/300 | Train Loss: 0.4728 Acc: 0.8649 | Val Loss: 0.7287 Acc: 0.8052 | LR: 7.03e-03 | Time: 70.7s
Epoch 111/300 | Train Loss: 0.4739 Acc: 0.8634 | Val Loss: 0.7274 Acc: 0.8072 | LR: 6.99e-03 | Time: 70.8s
Epoch 112/300 | Train Loss: 0.4764 Acc: 0.8634 | Val Loss: 0.7339 Acc: 0.8071 | LR: 6.94e-03 | Time: 70.8s
Epoch 113/300 | Train Loss: 0.4650 Acc: 0.8665 | Val Loss: 0.7234 Acc: 0.8101 | LR: 6.89e-03 | Time: 70.7s
  → Sauvegardé ! (Val Acc: 0.8101)
Epoch 114/300 | Train Loss: 0.4781 Acc: 0.8628 | Val Loss: 0.7348 Acc: 0.8050 | LR: 6.84e-03 | Time: 70.6s
Epoch 115/300 | Train Loss: 0.4712 Acc: 0.8642 | Val Loss: 0.7213 Acc: 0.8122 | LR: 6.79e-03 | Time: 70.7s
  → Sauvegardé ! (Val Acc: 0.8122)
Epoch 116/300 | Train Loss: 0.4617 Acc: 0.8679 | Val Loss: 0.7296 Acc: 0.8081 | LR: 6.74e-03 | Time: 70.9s
Epoch 117/300 | Train Loss: 0.4621 Acc: 0.8688 | Val Loss: 0.7308 Acc: 0.8089 | LR: 6.69e-03 | Time: 70.7s
Epoch 118/300 | Train Loss: 0.4530 Acc: 0.8707 | Val Loss: 0.7160 Acc: 0.8111 | LR: 6.64e-03 | Time: 70.8s
Epoch 119/300 | Train Loss: 0.4450 Acc: 0.8715 | Val Loss: 0.7371 Acc: 0.8065 | LR: 6.60e-03 | Time: 70.8s
Epoch 120/300 | Train Loss: 0.4525 Acc: 0.8688 | Val Loss: 0.7450 Acc: 0.8051 | LR: 6.55e-03 | Time: 70.8s
Epoch 121/300 | Train Loss: 0.4408 Acc: 0.8725 | Val Loss: 0.7195 Acc: 0.8111 | LR: 6.50e-03 | Time: 70.8s
Epoch 122/300 | Train Loss: 0.4474 Acc: 0.8718 | Val Loss: 0.7421 Acc: 0.8065 | LR: 6.45e-03 | Time: 70.7s
Epoch 123/300 | Train Loss: 0.4460 Acc: 0.8730 | Val Loss: 0.7239 Acc: 0.8098 | LR: 6.40e-03 | Time: 70.9s
Epoch 124/300 | Train Loss: 0.4469 Acc: 0.8718 | Val Loss: 0.7295 Acc: 0.8052 | LR: 6.34e-03 | Time: 70.8s
Epoch 125/300 | Train Loss: 0.4485 Acc: 0.8721 | Val Loss: 0.7178 Acc: 0.8115 | LR: 6.29e-03 | Time: 70.7s
Epoch 126/300 | Train Loss: 0.4423 Acc: 0.8722 | Val Loss: 0.7087 Acc: 0.8132 | LR: 6.24e-03 | Time: 71.0s
  → Sauvegardé ! (Val Acc: 0.8132)
Epoch 127/300 | Train Loss: 0.4423 Acc: 0.8742 | Val Loss: 0.7269 Acc: 0.8087 | LR: 6.19e-03 | Time: 70.8s
Epoch 128/300 | Train Loss: 0.4460 Acc: 0.8730 | Val Loss: 0.7139 Acc: 0.8099 | LR: 6.14e-03 | Time: 70.8s
Epoch 129/300 | Train Loss: 0.4291 Acc: 0.8763 | Val Loss: 0.7160 Acc: 0.8109 | LR: 6.09e-03 | Time: 70.7s
Epoch 130/300 | Train Loss: 0.4292 Acc: 0.8761 | Val Loss: 0.7182 Acc: 0.8096 | LR: 6.04e-03 | Time: 70.8s
Epoch 131/300 | Train Loss: 0.4336 Acc: 0.8760 | Val Loss: 0.7297 Acc: 0.8077 | LR: 5.99e-03 | Time: 70.8s
Epoch 132/300 | Train Loss: 0.4167 Acc: 0.8793 | Val Loss: 0.7252 Acc: 0.8106 | LR: 5.94e-03 | Time: 70.8s
Epoch 133/300 | Train Loss: 0.4277 Acc: 0.8783 | Val Loss: 0.7376 Acc: 0.8076 | LR: 5.89e-03 | Time: 70.8s
Epoch 134/300 | Train Loss: 0.4132 Acc: 0.8815 | Val Loss: 0.7275 Acc: 0.8110 | LR: 5.83e-03 | Time: 70.8s
Epoch 135/300 | Train Loss: 0.4202 Acc: 0.8776 | Val Loss: 0.7212 Acc: 0.8105 | LR: 5.78e-03 | Time: 70.7s
Epoch 136/300 | Train Loss: 0.4145 Acc: 0.8813 | Val Loss: 0.7218 Acc: 0.8108 | LR: 5.73e-03 | Time: 70.8s
Epoch 137/300 | Train Loss: 0.4100 Acc: 0.8829 | Val Loss: 0.7279 Acc: 0.8109 | LR: 5.68e-03 | Time: 70.7s
Epoch 138/300 | Train Loss: 0.4128 Acc: 0.8815 | Val Loss: 0.7121 Acc: 0.8119 | LR: 5.63e-03 | Time: 70.7s
Epoch 139/300 | Train Loss: 0.4084 Acc: 0.8799 | Val Loss: 0.7251 Acc: 0.8101 | LR: 5.58e-03 | Time: 70.8s
Epoch 140/300 | Train Loss: 0.4170 Acc: 0.8804 | Val Loss: 0.7154 Acc: 0.8136 | LR: 5.52e-03 | Time: 70.8s
  → Sauvegardé ! (Val Acc: 0.8136)
Epoch 141/300 | Train Loss: 0.3984 Acc: 0.8843 | Val Loss: 0.7104 Acc: 0.8159 | LR: 5.47e-03 | Time: 70.8s
  → Sauvegardé ! (Val Acc: 0.8159)
Epoch 142/300 | Train Loss: 0.3979 Acc: 0.8857 | Val Loss: 0.7287 Acc: 0.8095 | LR: 5.42e-03 | Time: 70.9s
Epoch 143/300 | Train Loss: 0.4070 Acc: 0.8833 | Val Loss: 0.7234 Acc: 0.8116 | LR: 5.37e-03 | Time: 70.7s
Epoch 144/300 | Train Loss: 0.4013 Acc: 0.8858 | Val Loss: 0.7070 Acc: 0.8151 | LR: 5.31e-03 | Time: 70.7s
Epoch 145/300 | Train Loss: 0.4048 Acc: 0.8844 | Val Loss: 0.7299 Acc: 0.8077 | LR: 5.26e-03 | Time: 70.8s
Epoch 146/300 | Train Loss: 0.3912 Acc: 0.8879 | Val Loss: 0.7107 Acc: 0.8140 | LR: 5.21e-03 | Time: 70.7s
Epoch 147/300 | Train Loss: 0.3970 Acc: 0.8864 | Val Loss: 0.7284 Acc: 0.8113 | LR: 5.16e-03 | Time: 70.7s
Epoch 148/300 | Train Loss: 0.3959 Acc: 0.8877 | Val Loss: 0.7130 Acc: 0.8132 | LR: 5.11e-03 | Time: 70.9s
Epoch 149/300 | Train Loss: 0.4030 Acc: 0.8828 | Val Loss: 0.7096 Acc: 0.8140 | LR: 5.05e-03 | Time: 70.8s
Epoch 150/300 | Train Loss: 0.3890 Acc: 0.8886 | Val Loss: 0.7205 Acc: 0.8112 | LR: 5.00e-03 | Time: 70.9s
Epoch 151/300 | Train Loss: 0.3927 Acc: 0.8869 | Val Loss: 0.7213 Acc: 0.8114 | LR: 4.95e-03 | Time: 70.8s
Epoch 152/300 | Train Loss: 0.3706 Acc: 0.8939 | Val Loss: 0.7028 Acc: 0.8157 | LR: 4.90e-03 | Time: 70.7s
Epoch 153/300 | Train Loss: 0.3833 Acc: 0.8905 | Val Loss: 0.7242 Acc: 0.8097 | LR: 4.84e-03 | Time: 70.8s
Epoch 154/300 | Train Loss: 0.3843 Acc: 0.8896 | Val Loss: 0.7207 Acc: 0.8128 | LR: 4.79e-03 | Time: 70.9s
Epoch 155/300 | Train Loss: 0.3748 Acc: 0.8915 | Val Loss: 0.7034 Acc: 0.8169 | LR: 4.74e-03 | Time: 70.7s
  → Sauvegardé ! (Val Acc: 0.8169)
Epoch 156/300 | Train Loss: 0.3785 Acc: 0.8918 | Val Loss: 0.7074 Acc: 0.8156 | LR: 4.69e-03 | Time: 70.7s
Epoch 157/300 | Train Loss: 0.3810 Acc: 0.8902 | Val Loss: 0.7073 Acc: 0.8159 | LR: 4.63e-03 | Time: 70.9s
Epoch 158/300 | Train Loss: 0.3806 Acc: 0.8899 | Val Loss: 0.7166 Acc: 0.8154 | LR: 4.58e-03 | Time: 70.7s
Epoch 159/300 | Train Loss: 0.3786 Acc: 0.8910 | Val Loss: 0.7127 Acc: 0.8141 | LR: 4.53e-03 | Time: 70.9s
Epoch 160/300 | Train Loss: 0.3651 Acc: 0.8943 | Val Loss: 0.7071 Acc: 0.8135 | LR: 4.48e-03 | Time: 70.7s
Epoch 161/300 | Train Loss: 0.3684 Acc: 0.8945 | Val Loss: 0.7071 Acc: 0.8172 | LR: 4.43e-03 | Time: 70.7s
  → Sauvegardé ! (Val Acc: 0.8172)
Epoch 162/300 | Train Loss: 0.3690 Acc: 0.8928 | Val Loss: 0.7238 Acc: 0.8122 | LR: 4.37e-03 | Time: 70.7s
Epoch 163/300 | Train Loss: 0.3614 Acc: 0.8939 | Val Loss: 0.7262 Acc: 0.8124 | LR: 4.32e-03 | Time: 70.7s
Epoch 164/300 | Train Loss: 0.3690 Acc: 0.8941 | Val Loss: 0.7161 Acc: 0.8131 | LR: 4.27e-03 | Time: 70.8s
Epoch 165/300 | Train Loss: 0.3641 Acc: 0.8947 | Val Loss: 0.7210 Acc: 0.8121 | LR: 4.22e-03 | Time: 70.7s
Epoch 166/300 | Train Loss: 0.3621 Acc: 0.8958 | Val Loss: 0.7181 Acc: 0.8143 | LR: 4.17e-03 | Time: 70.7s
Epoch 167/300 | Train Loss: 0.3528 Acc: 0.8987 | Val Loss: 0.7133 Acc: 0.8154 | LR: 4.12e-03 | Time: 70.7s
Epoch 168/300 | Train Loss: 0.3536 Acc: 0.8975 | Val Loss: 0.7220 Acc: 0.8137 | LR: 4.06e-03 | Time: 70.8s
Epoch 169/300 | Train Loss: 0.3621 Acc: 0.8948 | Val Loss: 0.7361 Acc: 0.8106 | LR: 4.01e-03 | Time: 70.9s
Epoch 170/300 | Train Loss: 0.3481 Acc: 0.8993 | Val Loss: 0.7157 Acc: 0.8166 | LR: 3.96e-03 | Time: 70.7s
Epoch 171/300 | Train Loss: 0.3405 Acc: 0.9007 | Val Loss: 0.6953 Acc: 0.8194 | LR: 3.91e-03 | Time: 70.8s
  → Sauvegardé ! (Val Acc: 0.8194)
Epoch 172/300 | Train Loss: 0.3591 Acc: 0.8955 | Val Loss: 0.7046 Acc: 0.8160 | LR: 3.86e-03 | Time: 70.6s
Epoch 173/300 | Train Loss: 0.3655 Acc: 0.8927 | Val Loss: 0.7099 Acc: 0.8149 | LR: 3.81e-03 | Time: 70.7s
Epoch 174/300 | Train Loss: 0.3501 Acc: 0.8991 | Val Loss: 0.6970 Acc: 0.8191 | LR: 3.76e-03 | Time: 70.7s
Epoch 175/300 | Train Loss: 0.3405 Acc: 0.9010 | Val Loss: 0.7216 Acc: 0.8124 | LR: 3.71e-03 | Time: 70.7s
Epoch 176/300 | Train Loss: 0.3553 Acc: 0.8975 | Val Loss: 0.7292 Acc: 0.8124 | LR: 3.66e-03 | Time: 70.8s
Epoch 177/300 | Train Loss: 0.3499 Acc: 0.8989 | Val Loss: 0.7109 Acc: 0.8158 | LR: 3.61e-03 | Time: 70.7s
Epoch 178/300 | Train Loss: 0.3391 Acc: 0.9014 | Val Loss: 0.7247 Acc: 0.8115 | LR: 3.56e-03 | Time: 70.8s
Epoch 179/300 | Train Loss: 0.3496 Acc: 0.8998 | Val Loss: 0.7112 Acc: 0.8137 | LR: 3.51e-03 | Time: 70.7s
Epoch 180/300 | Train Loss: 0.3387 Acc: 0.9024 | Val Loss: 0.6937 Acc: 0.8216 | LR: 3.46e-03 | Time: 70.7s
  → Sauvegardé ! (Val Acc: 0.8216)
Epoch 181/300 | Train Loss: 0.3423 Acc: 0.9019 | Val Loss: 0.7300 Acc: 0.8112 | LR: 3.41e-03 | Time: 70.7s
Epoch 182/300 | Train Loss: 0.3278 Acc: 0.9056 | Val Loss: 0.7048 Acc: 0.8185 | LR: 3.36e-03 | Time: 70.7s
Epoch 183/300 | Train Loss: 0.3307 Acc: 0.9050 | Val Loss: 0.7004 Acc: 0.8158 | LR: 3.31e-03 | Time: 70.7s
Epoch 184/300 | Train Loss: 0.3212 Acc: 0.9074 | Val Loss: 0.7123 Acc: 0.8158 | LR: 3.26e-03 | Time: 70.8s
Epoch 185/300 | Train Loss: 0.3264 Acc: 0.9057 | Val Loss: 0.6935 Acc: 0.8197 | LR: 3.21e-03 | Time: 70.8s
Epoch 186/300 | Train Loss: 0.3233 Acc: 0.9059 | Val Loss: 0.7147 Acc: 0.8154 | LR: 3.16e-03 | Time: 70.8s
Epoch 187/300 | Train Loss: 0.3307 Acc: 0.9051 | Val Loss: 0.7253 Acc: 0.8144 | LR: 3.11e-03 | Time: 70.9s
Epoch 188/300 | Train Loss: 0.3346 Acc: 0.9031 | Val Loss: 0.7144 Acc: 0.8159 | LR: 3.06e-03 | Time: 70.7s
Epoch 189/300 | Train Loss: 0.3252 Acc: 0.9063 | Val Loss: 0.7062 Acc: 0.8182 | LR: 3.01e-03 | Time: 70.7s
Epoch 190/300 | Train Loss: 0.3197 Acc: 0.9090 | Val Loss: 0.7002 Acc: 0.8184 | LR: 2.97e-03 | Time: 70.8s
Epoch 191/300 | Train Loss: 0.3202 Acc: 0.9072 | Val Loss: 0.7047 Acc: 0.8167 | LR: 2.92e-03 | Time: 70.9s
Epoch 192/300 | Train Loss: 0.3142 Acc: 0.9095 | Val Loss: 0.7376 Acc: 0.8119 | LR: 2.87e-03 | Time: 70.8s
Epoch 193/300 | Train Loss: 0.3252 Acc: 0.9061 | Val Loss: 0.7252 Acc: 0.8133 | LR: 2.82e-03 | Time: 70.9s
Epoch 194/300 | Train Loss: 0.3203 Acc: 0.9080 | Val Loss: 0.7148 Acc: 0.8163 | LR: 2.78e-03 | Time: 70.7s
Epoch 195/300 | Train Loss: 0.3201 Acc: 0.9067 | Val Loss: 0.7149 Acc: 0.8168 | LR: 2.73e-03 | Time: 70.7s
Epoch 196/300 | Train Loss: 0.3143 Acc: 0.9089 | Val Loss: 0.7170 Acc: 0.8172 | LR: 2.68e-03 | Time: 70.6s
Epoch 197/300 | Train Loss: 0.3104 Acc: 0.9100 | Val Loss: 0.7062 Acc: 0.8183 | LR: 2.64e-03 | Time: 70.8s
Epoch 198/300 | Train Loss: 0.3102 Acc: 0.9104 | Val Loss: 0.7001 Acc: 0.8197 | LR: 2.59e-03 | Time: 70.7s
Epoch 199/300 | Train Loss: 0.3191 Acc: 0.9075 | Val Loss: 0.7055 Acc: 0.8203 | LR: 2.55e-03 | Time: 70.9s
Epoch 200/300 | Train Loss: 0.3036 Acc: 0.9120 | Val Loss: 0.7223 Acc: 0.8146 | LR: 2.50e-03 | Time: 70.8s
Epoch 201/300 | Train Loss: 0.3039 Acc: 0.9129 | Val Loss: 0.7003 Acc: 0.8179 | LR: 2.46e-03 | Time: 70.6s
Epoch 202/300 | Train Loss: 0.3142 Acc: 0.9091 | Val Loss: 0.7000 Acc: 0.8192 | LR: 2.41e-03 | Time: 70.8s
Epoch 203/300 | Train Loss: 0.3064 Acc: 0.9127 | Val Loss: 0.7034 Acc: 0.8184 | LR: 2.37e-03 | Time: 70.9s
Epoch 204/300 | Train Loss: 0.3020 Acc: 0.9130 | Val Loss: 0.7119 Acc: 0.8181 | LR: 2.32e-03 | Time: 70.7s
Epoch 205/300 | Train Loss: 0.3027 Acc: 0.9149 | Val Loss: 0.7135 Acc: 0.8161 | LR: 2.28e-03 | Time: 70.8s
Epoch 206/300 | Train Loss: 0.2945 Acc: 0.9159 | Val Loss: 0.6893 Acc: 0.8235 | LR: 2.23e-03 | Time: 70.7s
  → Sauvegardé ! (Val Acc: 0.8235)
Epoch 207/300 | Train Loss: 0.3061 Acc: 0.9127 | Val Loss: 0.7147 Acc: 0.8161 | LR: 2.19e-03 | Time: 70.9s
Epoch 208/300 | Train Loss: 0.3023 Acc: 0.9127 | Val Loss: 0.7168 Acc: 0.8143 | LR: 2.15e-03 | Time: 71.0s
Epoch 209/300 | Train Loss: 0.3040 Acc: 0.9119 | Val Loss: 0.6854 Acc: 0.8234 | LR: 2.10e-03 | Time: 70.8s
Epoch 210/300 | Train Loss: 0.2948 Acc: 0.9144 | Val Loss: 0.7185 Acc: 0.8153 | LR: 2.06e-03 | Time: 70.7s
Epoch 211/300 | Train Loss: 0.2889 Acc: 0.9172 | Val Loss: 0.6981 Acc: 0.8233 | LR: 2.02e-03 | Time: 70.8s
Epoch 212/300 | Train Loss: 0.2885 Acc: 0.9167 | Val Loss: 0.7029 Acc: 0.8176 | LR: 1.98e-03 | Time: 70.7s
Epoch 213/300 | Train Loss: 0.3004 Acc: 0.9133 | Val Loss: 0.6928 Acc: 0.8222 | LR: 1.94e-03 | Time: 70.7s
Epoch 214/300 | Train Loss: 0.2883 Acc: 0.9162 | Val Loss: 0.7087 Acc: 0.8197 | LR: 1.90e-03 | Time: 70.9s
Epoch 215/300 | Train Loss: 0.2971 Acc: 0.9144 | Val Loss: 0.6926 Acc: 0.8215 | LR: 1.85e-03 | Time: 70.8s
Epoch 216/300 | Train Loss: 0.2870 Acc: 0.9183 | Val Loss: 0.7027 Acc: 0.8193 | LR: 1.81e-03 | Time: 70.6s
Epoch 217/300 | Train Loss: 0.2911 Acc: 0.9167 | Val Loss: 0.6931 Acc: 0.8213 | LR: 1.77e-03 | Time: 70.7s
Epoch 218/300 | Train Loss: 0.2992 Acc: 0.9136 | Val Loss: 0.7205 Acc: 0.8145 | LR: 1.73e-03 | Time: 70.7s
Epoch 219/300 | Train Loss: 0.2870 Acc: 0.9173 | Val Loss: 0.7121 Acc: 0.8177 | LR: 1.69e-03 | Time: 70.8s
Epoch 220/300 | Train Loss: 0.2786 Acc: 0.9203 | Val Loss: 0.7079 Acc: 0.8202 | LR: 1.66e-03 | Time: 70.7s
Epoch 221/300 | Train Loss: 0.2904 Acc: 0.9162 | Val Loss: 0.7058 Acc: 0.8202 | LR: 1.62e-03 | Time: 70.8s
Epoch 222/300 | Train Loss: 0.2792 Acc: 0.9205 | Val Loss: 0.7031 Acc: 0.8191 | LR: 1.58e-03 | Time: 70.8s
Epoch 223/300 | Train Loss: 0.2731 Acc: 0.9202 | Val Loss: 0.7002 Acc: 0.8216 | LR: 1.54e-03 | Time: 70.6s
Epoch 224/300 | Train Loss: 0.2779 Acc: 0.9199 | Val Loss: 0.7157 Acc: 0.8171 | LR: 1.50e-03 | Time: 70.8s
Epoch 225/300 | Train Loss: 0.2871 Acc: 0.9172 | Val Loss: 0.6974 Acc: 0.8207 | LR: 1.47e-03 | Time: 70.6s
Epoch 226/300 | Train Loss: 0.2652 Acc: 0.9231 | Val Loss: 0.6930 Acc: 0.8214 | LR: 1.43e-03 | Time: 70.8s
Epoch 227/300 | Train Loss: 0.2814 Acc: 0.9187 | Val Loss: 0.7100 Acc: 0.8194 | LR: 1.39e-03 | Time: 70.8s
Epoch 228/300 | Train Loss: 0.2849 Acc: 0.9190 | Val Loss: 0.7218 Acc: 0.8151 | LR: 1.36e-03 | Time: 70.8s
Epoch 229/300 | Train Loss: 0.2785 Acc: 0.9198 | Val Loss: 0.7060 Acc: 0.8183 | LR: 1.32e-03 | Time: 71.0s
Epoch 230/300 | Train Loss: 0.2795 Acc: 0.9189 | Val Loss: 0.7012 Acc: 0.8212 | LR: 1.29e-03 | Time: 70.9s
Epoch 231/300 | Train Loss: 0.2738 Acc: 0.9200 | Val Loss: 0.7052 Acc: 0.8207 | LR: 1.25e-03 | Time: 70.8s
Epoch 232/300 | Train Loss: 0.2758 Acc: 0.9209 | Val Loss: 0.6998 Acc: 0.8214 | LR: 1.22e-03 | Time: 70.5s
Epoch 233/300 | Train Loss: 0.2755 Acc: 0.9202 | Val Loss: 0.7126 Acc: 0.8196 | LR: 1.18e-03 | Time: 70.7s
Epoch 234/300 | Train Loss: 0.2696 Acc: 0.9223 | Val Loss: 0.7119 Acc: 0.8173 | LR: 1.15e-03 | Time: 70.7s
Epoch 235/300 | Train Loss: 0.2810 Acc: 0.9206 | Val Loss: 0.6997 Acc: 0.8203 | LR: 1.12e-03 | Time: 70.7s
Epoch 236/300 | Train Loss: 0.2659 Acc: 0.9239 | Val Loss: 0.6989 Acc: 0.8201 | LR: 1.08e-03 | Time: 70.7s
Epoch 237/300 | Train Loss: 0.2746 Acc: 0.9202 | Val Loss: 0.7038 Acc: 0.8202 | LR: 1.05e-03 | Time: 70.8s
Epoch 238/300 | Train Loss: 0.2694 Acc: 0.9228 | Val Loss: 0.6944 Acc: 0.8223 | LR: 1.02e-03 | Time: 70.8s
Epoch 239/300 | Train Loss: 0.2760 Acc: 0.9212 | Val Loss: 0.7013 Acc: 0.8220 | LR: 9.87e-04 | Time: 70.7s
Epoch 240/300 | Train Loss: 0.2696 Acc: 0.9231 | Val Loss: 0.6864 Acc: 0.8250 | LR: 9.56e-04 | Time: 70.7s
  → Sauvegardé ! (Val Acc: 0.8250)
Epoch 241/300 | Train Loss: 0.2702 Acc: 0.9225 | Val Loss: 0.6902 Acc: 0.8244 | LR: 9.25e-04 | Time: 70.8s
Epoch 242/300 | Train Loss: 0.2705 Acc: 0.9217 | Val Loss: 0.6953 Acc: 0.8213 | LR: 8.95e-04 | Time: 70.6s
Epoch 243/300 | Train Loss: 0.2626 Acc: 0.9248 | Val Loss: 0.7083 Acc: 0.8200 | LR: 8.66e-04 | Time: 70.9s
Epoch 244/300 | Train Loss: 0.2737 Acc: 0.9220 | Val Loss: 0.7061 Acc: 0.8192 | LR: 8.36e-04 | Time: 70.7s
Epoch 245/300 | Train Loss: 0.2693 Acc: 0.9226 | Val Loss: 0.7205 Acc: 0.8189 | LR: 8.08e-04 | Time: 70.8s
Epoch 246/300 | Train Loss: 0.2613 Acc: 0.9252 | Val Loss: 0.6889 Acc: 0.8251 | LR: 7.79e-04 | Time: 70.8s
  → Sauvegardé ! (Val Acc: 0.8251)
Epoch 247/300 | Train Loss: 0.2573 Acc: 0.9253 | Val Loss: 0.6866 Acc: 0.8234 | LR: 7.51e-04 | Time: 70.8s
Epoch 248/300 | Train Loss: 0.2637 Acc: 0.9234 | Val Loss: 0.7028 Acc: 0.8191 | LR: 7.24e-04 | Time: 71.0s
Epoch 249/300 | Train Loss: 0.2599 Acc: 0.9261 | Val Loss: 0.6740 Acc: 0.8263 | LR: 6.97e-04 | Time: 70.8s
  → Sauvegardé ! (Val Acc: 0.8263)
Epoch 250/300 | Train Loss: 0.2637 Acc: 0.9242 | Val Loss: 0.7227 Acc: 0.8176 | LR: 6.71e-04 | Time: 70.8s
Epoch 251/300 | Train Loss: 0.2621 Acc: 0.9249 | Val Loss: 0.6880 Acc: 0.8253 | LR: 6.45e-04 | Time: 70.7s
Epoch 252/300 | Train Loss: 0.2660 Acc: 0.9246 | Val Loss: 0.7024 Acc: 0.8215 | LR: 6.19e-04 | Time: 70.8s
Epoch 253/300 | Train Loss: 0.2625 Acc: 0.9252 | Val Loss: 0.6888 Acc: 0.8233 | LR: 5.94e-04 | Time: 70.9s
Epoch 254/300 | Train Loss: 0.2629 Acc: 0.9252 | Val Loss: 0.6983 Acc: 0.8232 | LR: 5.70e-04 | Time: 70.8s
Epoch 255/300 | Train Loss: 0.2624 Acc: 0.9241 | Val Loss: 0.6789 Acc: 0.8267 | LR: 5.46e-04 | Time: 70.8s
  → Sauvegardé ! (Val Acc: 0.8267)
Epoch 256/300 | Train Loss: 0.2594 Acc: 0.9260 | Val Loss: 0.6954 Acc: 0.8223 | LR: 5.22e-04 | Time: 70.9s
Epoch 257/300 | Train Loss: 0.2600 Acc: 0.9251 | Val Loss: 0.6983 Acc: 0.8226 | LR: 4.99e-04 | Time: 70.9s
Epoch 258/300 | Train Loss: 0.2577 Acc: 0.9263 | Val Loss: 0.6933 Acc: 0.8230 | LR: 4.77e-04 | Time: 70.6s
Epoch 259/300 | Train Loss: 0.2530 Acc: 0.9268 | Val Loss: 0.6958 Acc: 0.8209 | LR: 4.55e-04 | Time: 70.8s
Epoch 260/300 | Train Loss: 0.2478 Acc: 0.9293 | Val Loss: 0.6978 Acc: 0.8239 | LR: 4.33e-04 | Time: 70.8s
Epoch 261/300 | Train Loss: 0.2541 Acc: 0.9281 | Val Loss: 0.6948 Acc: 0.8220 | LR: 4.12e-04 | Time: 70.8s
Epoch 262/300 | Train Loss: 0.2569 Acc: 0.9260 | Val Loss: 0.6977 Acc: 0.8218 | LR: 3.92e-04 | Time: 70.9s
Epoch 263/300 | Train Loss: 0.2592 Acc: 0.9264 | Val Loss: 0.7050 Acc: 0.8228 | LR: 3.72e-04 | Time: 70.8s
Epoch 264/300 | Train Loss: 0.2567 Acc: 0.9269 | Val Loss: 0.6937 Acc: 0.8229 | LR: 3.52e-04 | Time: 70.9s
Epoch 265/300 | Train Loss: 0.2619 Acc: 0.9255 | Val Loss: 0.7048 Acc: 0.8195 | LR: 3.33e-04 | Time: 71.0s
Epoch 266/300 | Train Loss: 0.2532 Acc: 0.9278 | Val Loss: 0.6870 Acc: 0.8223 | LR: 3.15e-04 | Time: 70.7s
Epoch 267/300 | Train Loss: 0.2518 Acc: 0.9277 | Val Loss: 0.7073 Acc: 0.8210 | LR: 2.97e-04 | Time: 70.8s
Epoch 268/300 | Train Loss: 0.2542 Acc: 0.9267 | Val Loss: 0.7062 Acc: 0.8204 | LR: 2.79e-04 | Time: 70.9s
Epoch 269/300 | Train Loss: 0.2629 Acc: 0.9245 | Val Loss: 0.6981 Acc: 0.8200 | LR: 2.62e-04 | Time: 70.9s
Epoch 270/300 | Train Loss: 0.2515 Acc: 0.9294 | Val Loss: 0.7012 Acc: 0.8220 | LR: 2.46e-04 | Time: 70.6s
Epoch 271/300 | Train Loss: 0.2564 Acc: 0.9266 | Val Loss: 0.7016 Acc: 0.8239 | LR: 2.30e-04 | Time: 70.7s
Epoch 272/300 | Train Loss: 0.2484 Acc: 0.9280 | Val Loss: 0.6701 Acc: 0.8270 | LR: 2.14e-04 | Time: 70.8s
  → Sauvegardé ! (Val Acc: 0.8270)
Epoch 273/300 | Train Loss: 0.2501 Acc: 0.9290 | Val Loss: 0.6874 Acc: 0.8250 | LR: 2.00e-04 | Time: 70.8s
Epoch 274/300 | Train Loss: 0.2588 Acc: 0.9256 | Val Loss: 0.6880 Acc: 0.8252 | LR: 1.85e-04 | Time: 70.7s
Epoch 275/300 | Train Loss: 0.2572 Acc: 0.9249 | Val Loss: 0.6778 Acc: 0.8258 | LR: 1.71e-04 | Time: 70.7s
Epoch 276/300 | Train Loss: 0.2503 Acc: 0.9294 | Val Loss: 0.6923 Acc: 0.8222 | LR: 1.58e-04 | Time: 70.7s
Epoch 277/300 | Train Loss: 0.2576 Acc: 0.9269 | Val Loss: 0.6898 Acc: 0.8245 | LR: 1.45e-04 | Time: 70.8s
Epoch 278/300 | Train Loss: 0.2571 Acc: 0.9263 | Val Loss: 0.6800 Acc: 0.8283 | LR: 1.33e-04 | Time: 70.7s
  → Sauvegardé ! (Val Acc: 0.8283)
Epoch 279/300 | Train Loss: 0.2481 Acc: 0.9294 | Val Loss: 0.7018 Acc: 0.8210 | LR: 1.21e-04 | Time: 70.8s
Epoch 280/300 | Train Loss: 0.2646 Acc: 0.9243 | Val Loss: 0.6777 Acc: 0.8290 | LR: 1.10e-04 | Time: 70.7s
  → Sauvegardé ! (Val Acc: 0.8290)
Epoch 281/300 | Train Loss: 0.2513 Acc: 0.9284 | Val Loss: 0.7054 Acc: 0.8197 | LR: 9.96e-05 | Time: 70.7s
Epoch 282/300 | Train Loss: 0.2511 Acc: 0.9268 | Val Loss: 0.6838 Acc: 0.8248 | LR: 8.96e-05 | Time: 70.7s
Epoch 283/300 | Train Loss: 0.2467 Acc: 0.9289 | Val Loss: 0.6902 Acc: 0.8231 | LR: 8.00e-05 | Time: 70.8s
Epoch 284/300 | Train Loss: 0.2527 Acc: 0.9277 | Val Loss: 0.6987 Acc: 0.8240 | LR: 7.10e-05 | Time: 70.8s
Epoch 285/300 | Train Loss: 0.2519 Acc: 0.9277 | Val Loss: 0.7068 Acc: 0.8207 | LR: 6.26e-05 | Time: 70.7s
Epoch 286/300 | Train Loss: 0.2538 Acc: 0.9277 | Val Loss: 0.6955 Acc: 0.8202 | LR: 5.46e-05 | Time: 70.8s
Epoch 287/300 | Train Loss: 0.2475 Acc: 0.9293 | Val Loss: 0.6985 Acc: 0.8233 | LR: 4.73e-05 | Time: 70.7s
Epoch 288/300 | Train Loss: 0.2551 Acc: 0.9268 | Val Loss: 0.6932 Acc: 0.8236 | LR: 4.04e-05 | Time: 70.7s
Epoch 289/300 | Train Loss: 0.2586 Acc: 0.9269 | Val Loss: 0.7008 Acc: 0.8218 | LR: 3.41e-05 | Time: 70.8s
Epoch 290/300 | Train Loss: 0.2493 Acc: 0.9280 | Val Loss: 0.6978 Acc: 0.8203 | LR: 2.84e-05 | Time: 70.8s
Epoch 291/300 | Train Loss: 0.2536 Acc: 0.9272 | Val Loss: 0.6718 Acc: 0.8272 | LR: 2.32e-05 | Time: 70.8s
Epoch 292/300 | Train Loss: 0.2483 Acc: 0.9292 | Val Loss: 0.6860 Acc: 0.8256 | LR: 1.85e-05 | Time: 70.7s
Epoch 293/300 | Train Loss: 0.2514 Acc: 0.9283 | Val Loss: 0.6939 Acc: 0.8249 | LR: 1.44e-05 | Time: 70.7s
Epoch 294/300 | Train Loss: 0.2526 Acc: 0.9274 | Val Loss: 0.7026 Acc: 0.8210 | LR: 1.09e-05 | Time: 70.8s
Epoch 295/300 | Train Loss: 0.2434 Acc: 0.9301 | Val Loss: 0.6822 Acc: 0.8255 | LR: 7.85e-06 | Time: 70.8s
Epoch 296/300 | Train Loss: 0.2484 Acc: 0.9284 | Val Loss: 0.6864 Acc: 0.8229 | LR: 5.39e-06 | Time: 70.7s
Epoch 297/300 | Train Loss: 0.2535 Acc: 0.9281 | Val Loss: 0.6921 Acc: 0.8229 | LR: 3.47e-06 | Time: 70.8s
Epoch 298/300 | Train Loss: 0.2588 Acc: 0.9261 | Val Loss: 0.6843 Acc: 0.8253 | LR: 2.10e-06 | Time: 70.7s
Epoch 299/300 | Train Loss: 0.2585 Acc: 0.9248 | Val Loss: 0.7045 Acc: 0.8214 | LR: 1.27e-06 | Time: 70.9s
Epoch 300/300 | Train Loss: 0.2681 Acc: 0.9233 | Val Loss: 0.6896 Acc: 0.8236 | LR: 1.00e-06 | Time: 70.7s

============================================================
ÉVALUATION FINALE
============================================================
Meilleur modèle : époque 280, val_acc: 0.8290

Test 1-shot 25-way :
  Accuracy : 0.8236 (82.36%)
